#
# There is insufficient memory for the Java Runtime Environment to continue.
# Native memory allocation (malloc) failed to allocate 32744 bytes. Error detail: Chunk::new
# Possible reasons:
#   The system is out of physical RAM or swap space
#   This process is running with CompressedOops enabled, and the Java Heap may be blocking the growth of the native heap
# Possible solutions:
#   Reduce memory load on the system
#   Increase physical memory or swap space
#   Check if swap backing store is full
#   Decrease Java heap size (-Xmx/-Xms)
#   Decrease number of Java threads
#   Decrease Java thread stack sizes (-Xss)
#   Set larger code cache with -XX:ReservedCodeCacheSize=
#   JVM is running with Zero Based Compressed Oops mode in which the Java heap is
#     placed in the first 32GB address space. The Java Heap base address is the
#     maximum limit for the native heap growth. Please use -XX:HeapBaseMinAddress
#     to set the Java Heap base and to place the Java Heap above 32GB virtual address.
# This output file may be truncated or incomplete.
#
#  Out of Memory Error (arena.cpp:149), pid=40528, tid=39992
#
# JRE version: Java(TM) SE Runtime Environment (23.0+37) (build 23+37-2369)
# Java VM: Java HotSpot(TM) 64-Bit Server VM (23+37-2369, mixed mode, tiered, compressed oops, compressed class ptrs, g1 gc, windows-amd64)
# No core dump will be written. Minidumps are not enabled by default on client versions of Windows
#

---------------  S U M M A R Y ------------

Command Line: -Dfile.encoding=UTF-8 -Dstdout.encoding=UTF-8 -Dstderr.encoding=UTF-8 -XX:+ShowCodeDetailsInExceptionMessages university.management.system.TeacherDetails

Host: AMD Ryzen 7 5800H with Radeon Graphics         , 16 cores, 13G,  Windows 11 , 64 bit Build 22621 (10.0.22621.3958)
Time: Fri Oct 25 17:50:38 2024 SE Asia Standard Time elapsed time: 0.110410 seconds (0d 0h 0m 0s)

---------------  T H R E A D  ---------------

Current thread (0x000001f9961f35a0):  JavaThread "C1 CompilerThread1" daemon [_thread_in_native, id=39992, stack(0x000000aca7b00000,0x000000aca7c00000) (1024K)]


Current CompileTask:
C1:110  118       3       jdk.internal.module.ModuleReferenceImpl::hashCode (56 bytes)

Stack: [0x000000aca7b00000,0x000000aca7c00000]
Native frames: (J=compiled Java code, j=interpreted, Vv=VM code, C=native code)
V  [jvm.dll+0x6e08a9]  (no source info available)
V  [jvm.dll+0x87da63]  (no source info available)
V  [jvm.dll+0x87feee]  (no source info available)
V  [jvm.dll+0x8805c3]  (no source info available)
V  [jvm.dll+0x27aee6]  (no source info available)
V  [jvm.dll+0xbc06f]  (no source info available)
V  [jvm.dll+0xbc2cb]  (no source info available)
V  [jvm.dll+0x16ce94]  (no source info available)
V  [jvm.dll+0x16d876]  (no source info available)
V  [jvm.dll+0x16d317]  (no source info available)
V  [jvm.dll+0x16d14b]  (no source info available)
V  [jvm.dll+0x1507c9]  (no source info available)
V  [jvm.dll+0x1502c9]  (no source info available)
V  [jvm.dll+0x1504db]  (no source info available)
V  [jvm.dll+0x14f8a8]  (no source info available)
V  [jvm.dll+0x1516ed]  (no source info available)
V  [jvm.dll+0x253cf1]  (no source info available)
V  [jvm.dll+0x251faa]  (no source info available)
V  [jvm.dll+0x3ee036]  (no source info available)
V  [jvm.dll+0x824f1b]  (no source info available)
V  [jvm.dll+0x6df055]  (no source info available)
C  [ucrtbase.dll+0x29333]  (no source info available)
C  [KERNEL32.DLL+0x1257d]  (no source info available)
C  [ntdll.dll+0x5af08]  (no source info available)

Lock stack of current Java thread (top to bottom):


---------------  P R O C E S S  ---------------

Threads class SMR info:
_java_thread_list=0x000001f996257c20, length=12, elements={
0x000001f9f0510170, 0x000001f991dce8a0, 0x000001f996082660, 0x000001f996076940,
0x000001f9960773a0, 0x000001f996077f30, 0x000001f99606e4f0, 0x000001f9960a3f70,
0x000001f9960c7a50, 0x000001f9961f35a0, 0x000001f99625c060, 0x000001f996269520
}

Java Threads: ( => current thread )
  0x000001f9f0510170 JavaThread "main"                              [_thread_in_vm, id=39460, stack(0x000000aca6b00000,0x000000aca6c00000) (1024K)]
  0x000001f991dce8a0 JavaThread "Reference Handler"          daemon [_thread_blocked, id=35076, stack(0x000000aca7300000,0x000000aca7400000) (1024K)]
  0x000001f996082660 JavaThread "Finalizer"                  daemon [_thread_blocked, id=39984, stack(0x000000aca7400000,0x000000aca7500000) (1024K)]
  0x000001f996076940 JavaThread "Signal Dispatcher"          daemon [_thread_blocked, id=35484, stack(0x000000aca7500000,0x000000aca7600000) (1024K)]
  0x000001f9960773a0 JavaThread "Attach Listener"            daemon [_thread_blocked, id=36568, stack(0x000000aca7600000,0x000000aca7700000) (1024K)]
  0x000001f996077f30 JavaThread "Service Thread"             daemon [_thread_blocked, id=39236, stack(0x000000aca7700000,0x000000aca7800000) (1024K)]
  0x000001f99606e4f0 JavaThread "Monitor Deflation Thread"   daemon [_thread_blocked, id=38184, stack(0x000000aca7800000,0x000000aca7900000) (1024K)]
  0x000001f9960a3f70 JavaThread "C2 CompilerThread0"         daemon [_thread_blocked, id=22116, stack(0x000000aca7900000,0x000000aca7a00000) (1024K)]
  0x000001f9960c7a50 JavaThread "C1 CompilerThread0"         daemon [_thread_in_vm, id=14856, stack(0x000000aca7a00000,0x000000aca7b00000) (1024K)]
=>0x000001f9961f35a0 JavaThread "C1 CompilerThread1"         daemon [_thread_in_native, id=39992, stack(0x000000aca7b00000,0x000000aca7c00000) (1024K)]
  0x000001f99625c060 JavaThread "Notification Thread"        daemon [_thread_blocked, id=39280, stack(0x000000aca7c00000,0x000000aca7d00000) (1024K)]
  0x000001f996269520 JavaThread "Common-Cleaner"             daemon [_thread_blocked, id=40468, stack(0x000000aca7d00000,0x000000aca7e00000) (1024K)]
Total: 12

Other Threads:
  0x000001f991dbab00 VMThread "VM Thread"                           [id=38752, stack(0x000000aca7200000,0x000000aca7300000) (1024K)]
  0x000001f991d5bba0 WatcherThread "VM Periodic Task Thread"        [id=39852, stack(0x000000aca7100000,0x000000aca7200000) (1024K)]
  0x000001f9f27a8f80 WorkerThread "GC Thread#0"                     [id=40500, stack(0x000000aca6c00000,0x000000aca6d00000) (1024K)]
  0x000001f9f27bbe50 ConcurrentGCThread "G1 Main Marker"            [id=38760, stack(0x000000aca6d00000,0x000000aca6e00000) (1024K)]
  0x000001f9f27bc960 WorkerThread "G1 Conc#0"                       [id=40016, stack(0x000000aca6e00000,0x000000aca6f00000) (1024K)]
  0x000001f991c2c5b0 ConcurrentGCThread "G1 Refine#0"               [id=38588, stack(0x000000aca6f00000,0x000000aca7000000) (1024K)]
  0x000001f991c2cde0 ConcurrentGCThread "G1 Service"                [id=40080, stack(0x000000aca7000000,0x000000aca7100000) (1024K)]
Total: 7

Threads with active compile tasks:
C1 CompilerThread0  149  139       3       java.util.zip.ZipFile$Source::zipCoderForPos (39 bytes)
C1 CompilerThread1  149  118       3       jdk.internal.module.ModuleReferenceImpl::hashCode (56 bytes)
Total: 2

VM state: not at safepoint (normal execution)

VM Mutex/Monitor currently owned by a thread: None

Heap address: 0x0000000722400000, size: 3548 MB, Compressed Oops mode: Zero based, Oop shift amount: 3

CDS archive(s) not mapped
Compressed class space mapped at: 0x0000000015000000-0x0000000055000000, reserved size: 1073741824
Narrow klass base: 0x0000000000000000, Narrow klass shift: 0, Narrow klass range: 0x55000000

GC Precious Log:
 CardTable entry size: 512
 Card Set container configuration: InlinePtr #cards 4 size 8 Array Of Cards #cards 16 size 48 Howl #buckets 8 coarsen threshold 3686 Howl Bitmap #cards 512 size 80 coarsen threshold 460 Card regions per heap region 1 cards per card region 4096
 CPUs: 16 total, 16 available
 Memory: 14188M
 Large Page Support: Disabled
 NUMA Support: Disabled
 Compressed Oops: Enabled (Zero based)
 Heap Region Size: 2M
 Heap Min Capacity: 8M
 Heap Initial Capacity: 222M
 Heap Max Capacity: 3548M
 Pre-touch: Disabled
 Parallel Workers: 13
 Concurrent Workers: 3
 Concurrent Refinement Workers: 13
 Periodic GC: Disabled

Heap:
 garbage-first heap   total reserved 3633152K, committed 227328K, used 2048K [0x0000000722400000, 0x0000000800000000)
  region size 2048K, 2 young (4096K), 0 survivors (0K)
 Metaspace       used 7314K, committed 7424K, reserved 1114112K
  class space    used 621K, committed 704K, reserved 1048576K

Heap Regions: E=young(eden), S=young(survivor), O=old, HS=humongous(starts), HC=humongous(continues), CS=collection set, F=free, TAMS=top-at-mark-start, PB=parsable bottom
|   0|0x0000000722400000, 0x0000000722400000, 0x0000000722600000|  0%| F|  |TAMS 0x0000000722400000| PB 0x0000000722400000| Untracked |  0
|   1|0x0000000722600000, 0x0000000722600000, 0x0000000722800000|  0%| F|  |TAMS 0x0000000722600000| PB 0x0000000722600000| Untracked |  0
|   2|0x0000000722800000, 0x0000000722800000, 0x0000000722a00000|  0%| F|  |TAMS 0x0000000722800000| PB 0x0000000722800000| Untracked |  0
|   3|0x0000000722a00000, 0x0000000722a00000, 0x0000000722c00000|  0%| F|  |TAMS 0x0000000722a00000| PB 0x0000000722a00000| Untracked |  0
|   4|0x0000000722c00000, 0x0000000722c00000, 0x0000000722e00000|  0%| F|  |TAMS 0x0000000722c00000| PB 0x0000000722c00000| Untracked |  0
|   5|0x0000000722e00000, 0x0000000722e00000, 0x0000000723000000|  0%| F|  |TAMS 0x0000000722e00000| PB 0x0000000722e00000| Untracked |  0
|   6|0x0000000723000000, 0x0000000723000000, 0x0000000723200000|  0%| F|  |TAMS 0x0000000723000000| PB 0x0000000723000000| Untracked |  0
|   7|0x0000000723200000, 0x0000000723200000, 0x0000000723400000|  0%| F|  |TAMS 0x0000000723200000| PB 0x0000000723200000| Untracked |  0
|   8|0x0000000723400000, 0x0000000723400000, 0x0000000723600000|  0%| F|  |TAMS 0x0000000723400000| PB 0x0000000723400000| Untracked |  0
|   9|0x0000000723600000, 0x0000000723600000, 0x0000000723800000|  0%| F|  |TAMS 0x0000000723600000| PB 0x0000000723600000| Untracked |  0
|  10|0x0000000723800000, 0x0000000723800000, 0x0000000723a00000|  0%| F|  |TAMS 0x0000000723800000| PB 0x0000000723800000| Untracked |  0
|  11|0x0000000723a00000, 0x0000000723a00000, 0x0000000723c00000|  0%| F|  |TAMS 0x0000000723a00000| PB 0x0000000723a00000| Untracked |  0
|  12|0x0000000723c00000, 0x0000000723c00000, 0x0000000723e00000|  0%| F|  |TAMS 0x0000000723c00000| PB 0x0000000723c00000| Untracked |  0
|  13|0x0000000723e00000, 0x0000000723e00000, 0x0000000724000000|  0%| F|  |TAMS 0x0000000723e00000| PB 0x0000000723e00000| Untracked |  0
|  14|0x0000000724000000, 0x0000000724000000, 0x0000000724200000|  0%| F|  |TAMS 0x0000000724000000| PB 0x0000000724000000| Untracked |  0
|  15|0x0000000724200000, 0x0000000724200000, 0x0000000724400000|  0%| F|  |TAMS 0x0000000724200000| PB 0x0000000724200000| Untracked |  0
|  16|0x0000000724400000, 0x0000000724400000, 0x0000000724600000|  0%| F|  |TAMS 0x0000000724400000| PB 0x0000000724400000| Untracked |  0
|  17|0x0000000724600000, 0x0000000724600000, 0x0000000724800000|  0%| F|  |TAMS 0x0000000724600000| PB 0x0000000724600000| Untracked |  0
|  18|0x0000000724800000, 0x0000000724800000, 0x0000000724a00000|  0%| F|  |TAMS 0x0000000724800000| PB 0x0000000724800000| Untracked |  0
|  19|0x0000000724a00000, 0x0000000724a00000, 0x0000000724c00000|  0%| F|  |TAMS 0x0000000724a00000| PB 0x0000000724a00000| Untracked |  0
|  20|0x0000000724c00000, 0x0000000724c00000, 0x0000000724e00000|  0%| F|  |TAMS 0x0000000724c00000| PB 0x0000000724c00000| Untracked |  0
|  21|0x0000000724e00000, 0x0000000724e00000, 0x0000000725000000|  0%| F|  |TAMS 0x0000000724e00000| PB 0x0000000724e00000| Untracked |  0
|  22|0x0000000725000000, 0x0000000725000000, 0x0000000725200000|  0%| F|  |TAMS 0x0000000725000000| PB 0x0000000725000000| Untracked |  0
|  23|0x0000000725200000, 0x0000000725200000, 0x0000000725400000|  0%| F|  |TAMS 0x0000000725200000| PB 0x0000000725200000| Untracked |  0
|  24|0x0000000725400000, 0x0000000725400000, 0x0000000725600000|  0%| F|  |TAMS 0x0000000725400000| PB 0x0000000725400000| Untracked |  0
|  25|0x0000000725600000, 0x0000000725600000, 0x0000000725800000|  0%| F|  |TAMS 0x0000000725600000| PB 0x0000000725600000| Untracked |  0
|  26|0x0000000725800000, 0x0000000725800000, 0x0000000725a00000|  0%| F|  |TAMS 0x0000000725800000| PB 0x0000000725800000| Untracked |  0
|  27|0x0000000725a00000, 0x0000000725a00000, 0x0000000725c00000|  0%| F|  |TAMS 0x0000000725a00000| PB 0x0000000725a00000| Untracked |  0
|  28|0x0000000725c00000, 0x0000000725c00000, 0x0000000725e00000|  0%| F|  |TAMS 0x0000000725c00000| PB 0x0000000725c00000| Untracked |  0
|  29|0x0000000725e00000, 0x0000000725e00000, 0x0000000726000000|  0%| F|  |TAMS 0x0000000725e00000| PB 0x0000000725e00000| Untracked |  0
|  30|0x0000000726000000, 0x0000000726000000, 0x0000000726200000|  0%| F|  |TAMS 0x0000000726000000| PB 0x0000000726000000| Untracked |  0
|  31|0x0000000726200000, 0x0000000726200000, 0x0000000726400000|  0%| F|  |TAMS 0x0000000726200000| PB 0x0000000726200000| Untracked |  0
|  32|0x0000000726400000, 0x0000000726400000, 0x0000000726600000|  0%| F|  |TAMS 0x0000000726400000| PB 0x0000000726400000| Untracked |  0
|  33|0x0000000726600000, 0x0000000726600000, 0x0000000726800000|  0%| F|  |TAMS 0x0000000726600000| PB 0x0000000726600000| Untracked |  0
|  34|0x0000000726800000, 0x0000000726800000, 0x0000000726a00000|  0%| F|  |TAMS 0x0000000726800000| PB 0x0000000726800000| Untracked |  0
|  35|0x0000000726a00000, 0x0000000726a00000, 0x0000000726c00000|  0%| F|  |TAMS 0x0000000726a00000| PB 0x0000000726a00000| Untracked |  0
|  36|0x0000000726c00000, 0x0000000726c00000, 0x0000000726e00000|  0%| F|  |TAMS 0x0000000726c00000| PB 0x0000000726c00000| Untracked |  0
|  37|0x0000000726e00000, 0x0000000726e00000, 0x0000000727000000|  0%| F|  |TAMS 0x0000000726e00000| PB 0x0000000726e00000| Untracked |  0
|  38|0x0000000727000000, 0x0000000727000000, 0x0000000727200000|  0%| F|  |TAMS 0x0000000727000000| PB 0x0000000727000000| Untracked |  0
|  39|0x0000000727200000, 0x0000000727200000, 0x0000000727400000|  0%| F|  |TAMS 0x0000000727200000| PB 0x0000000727200000| Untracked |  0
|  40|0x0000000727400000, 0x0000000727400000, 0x0000000727600000|  0%| F|  |TAMS 0x0000000727400000| PB 0x0000000727400000| Untracked |  0
|  41|0x0000000727600000, 0x0000000727600000, 0x0000000727800000|  0%| F|  |TAMS 0x0000000727600000| PB 0x0000000727600000| Untracked |  0
|  42|0x0000000727800000, 0x0000000727800000, 0x0000000727a00000|  0%| F|  |TAMS 0x0000000727800000| PB 0x0000000727800000| Untracked |  0
|  43|0x0000000727a00000, 0x0000000727a00000, 0x0000000727c00000|  0%| F|  |TAMS 0x0000000727a00000| PB 0x0000000727a00000| Untracked |  0
|  44|0x0000000727c00000, 0x0000000727c00000, 0x0000000727e00000|  0%| F|  |TAMS 0x0000000727c00000| PB 0x0000000727c00000| Untracked |  0
|  45|0x0000000727e00000, 0x0000000727e00000, 0x0000000728000000|  0%| F|  |TAMS 0x0000000727e00000| PB 0x0000000727e00000| Untracked |  0
|  46|0x0000000728000000, 0x0000000728000000, 0x0000000728200000|  0%| F|  |TAMS 0x0000000728000000| PB 0x0000000728000000| Untracked |  0
|  47|0x0000000728200000, 0x0000000728200000, 0x0000000728400000|  0%| F|  |TAMS 0x0000000728200000| PB 0x0000000728200000| Untracked |  0
|  48|0x0000000728400000, 0x0000000728400000, 0x0000000728600000|  0%| F|  |TAMS 0x0000000728400000| PB 0x0000000728400000| Untracked |  0
|  49|0x0000000728600000, 0x0000000728600000, 0x0000000728800000|  0%| F|  |TAMS 0x0000000728600000| PB 0x0000000728600000| Untracked |  0
|  50|0x0000000728800000, 0x0000000728800000, 0x0000000728a00000|  0%| F|  |TAMS 0x0000000728800000| PB 0x0000000728800000| Untracked |  0
|  51|0x0000000728a00000, 0x0000000728a00000, 0x0000000728c00000|  0%| F|  |TAMS 0x0000000728a00000| PB 0x0000000728a00000| Untracked |  0
|  52|0x0000000728c00000, 0x0000000728c00000, 0x0000000728e00000|  0%| F|  |TAMS 0x0000000728c00000| PB 0x0000000728c00000| Untracked |  0
|  53|0x0000000728e00000, 0x0000000728e00000, 0x0000000729000000|  0%| F|  |TAMS 0x0000000728e00000| PB 0x0000000728e00000| Untracked |  0
|  54|0x0000000729000000, 0x0000000729000000, 0x0000000729200000|  0%| F|  |TAMS 0x0000000729000000| PB 0x0000000729000000| Untracked |  0
|  55|0x0000000729200000, 0x0000000729200000, 0x0000000729400000|  0%| F|  |TAMS 0x0000000729200000| PB 0x0000000729200000| Untracked |  0
|  56|0x0000000729400000, 0x0000000729400000, 0x0000000729600000|  0%| F|  |TAMS 0x0000000729400000| PB 0x0000000729400000| Untracked |  0
|  57|0x0000000729600000, 0x0000000729600000, 0x0000000729800000|  0%| F|  |TAMS 0x0000000729600000| PB 0x0000000729600000| Untracked |  0
|  58|0x0000000729800000, 0x0000000729800000, 0x0000000729a00000|  0%| F|  |TAMS 0x0000000729800000| PB 0x0000000729800000| Untracked |  0
|  59|0x0000000729a00000, 0x0000000729a00000, 0x0000000729c00000|  0%| F|  |TAMS 0x0000000729a00000| PB 0x0000000729a00000| Untracked |  0
|  60|0x0000000729c00000, 0x0000000729c00000, 0x0000000729e00000|  0%| F|  |TAMS 0x0000000729c00000| PB 0x0000000729c00000| Untracked |  0
|  61|0x0000000729e00000, 0x0000000729e00000, 0x000000072a000000|  0%| F|  |TAMS 0x0000000729e00000| PB 0x0000000729e00000| Untracked |  0
|  62|0x000000072a000000, 0x000000072a000000, 0x000000072a200000|  0%| F|  |TAMS 0x000000072a000000| PB 0x000000072a000000| Untracked |  0
|  63|0x000000072a200000, 0x000000072a200000, 0x000000072a400000|  0%| F|  |TAMS 0x000000072a200000| PB 0x000000072a200000| Untracked |  0
|  64|0x000000072a400000, 0x000000072a400000, 0x000000072a600000|  0%| F|  |TAMS 0x000000072a400000| PB 0x000000072a400000| Untracked |  0
|  65|0x000000072a600000, 0x000000072a600000, 0x000000072a800000|  0%| F|  |TAMS 0x000000072a600000| PB 0x000000072a600000| Untracked |  0
|  66|0x000000072a800000, 0x000000072a800000, 0x000000072aa00000|  0%| F|  |TAMS 0x000000072a800000| PB 0x000000072a800000| Untracked |  0
|  67|0x000000072aa00000, 0x000000072aa00000, 0x000000072ac00000|  0%| F|  |TAMS 0x000000072aa00000| PB 0x000000072aa00000| Untracked |  0
|  68|0x000000072ac00000, 0x000000072ac00000, 0x000000072ae00000|  0%| F|  |TAMS 0x000000072ac00000| PB 0x000000072ac00000| Untracked |  0
|  69|0x000000072ae00000, 0x000000072ae00000, 0x000000072b000000|  0%| F|  |TAMS 0x000000072ae00000| PB 0x000000072ae00000| Untracked |  0
|  70|0x000000072b000000, 0x000000072b000000, 0x000000072b200000|  0%| F|  |TAMS 0x000000072b000000| PB 0x000000072b000000| Untracked |  0
|  71|0x000000072b200000, 0x000000072b200000, 0x000000072b400000|  0%| F|  |TAMS 0x000000072b200000| PB 0x000000072b200000| Untracked |  0
|  72|0x000000072b400000, 0x000000072b400000, 0x000000072b600000|  0%| F|  |TAMS 0x000000072b400000| PB 0x000000072b400000| Untracked |  0
|  73|0x000000072b600000, 0x000000072b600000, 0x000000072b800000|  0%| F|  |TAMS 0x000000072b600000| PB 0x000000072b600000| Untracked |  0
|  74|0x000000072b800000, 0x000000072b800000, 0x000000072ba00000|  0%| F|  |TAMS 0x000000072b800000| PB 0x000000072b800000| Untracked |  0
|  75|0x000000072ba00000, 0x000000072ba00000, 0x000000072bc00000|  0%| F|  |TAMS 0x000000072ba00000| PB 0x000000072ba00000| Untracked |  0
|  76|0x000000072bc00000, 0x000000072bc00000, 0x000000072be00000|  0%| F|  |TAMS 0x000000072bc00000| PB 0x000000072bc00000| Untracked |  0
|  77|0x000000072be00000, 0x000000072be00000, 0x000000072c000000|  0%| F|  |TAMS 0x000000072be00000| PB 0x000000072be00000| Untracked |  0
|  78|0x000000072c000000, 0x000000072c000000, 0x000000072c200000|  0%| F|  |TAMS 0x000000072c000000| PB 0x000000072c000000| Untracked |  0
|  79|0x000000072c200000, 0x000000072c200000, 0x000000072c400000|  0%| F|  |TAMS 0x000000072c200000| PB 0x000000072c200000| Untracked |  0
|  80|0x000000072c400000, 0x000000072c400000, 0x000000072c600000|  0%| F|  |TAMS 0x000000072c400000| PB 0x000000072c400000| Untracked |  0
|  81|0x000000072c600000, 0x000000072c600000, 0x000000072c800000|  0%| F|  |TAMS 0x000000072c600000| PB 0x000000072c600000| Untracked |  0
|  82|0x000000072c800000, 0x000000072c800000, 0x000000072ca00000|  0%| F|  |TAMS 0x000000072c800000| PB 0x000000072c800000| Untracked |  0
|  83|0x000000072ca00000, 0x000000072ca00000, 0x000000072cc00000|  0%| F|  |TAMS 0x000000072ca00000| PB 0x000000072ca00000| Untracked |  0
|  84|0x000000072cc00000, 0x000000072cc00000, 0x000000072ce00000|  0%| F|  |TAMS 0x000000072cc00000| PB 0x000000072cc00000| Untracked |  0
|  85|0x000000072ce00000, 0x000000072ce00000, 0x000000072d000000|  0%| F|  |TAMS 0x000000072ce00000| PB 0x000000072ce00000| Untracked |  0
|  86|0x000000072d000000, 0x000000072d000000, 0x000000072d200000|  0%| F|  |TAMS 0x000000072d000000| PB 0x000000072d000000| Untracked |  0
|  87|0x000000072d200000, 0x000000072d200000, 0x000000072d400000|  0%| F|  |TAMS 0x000000072d200000| PB 0x000000072d200000| Untracked |  0
|  88|0x000000072d400000, 0x000000072d400000, 0x000000072d600000|  0%| F|  |TAMS 0x000000072d400000| PB 0x000000072d400000| Untracked |  0
|  89|0x000000072d600000, 0x000000072d600000, 0x000000072d800000|  0%| F|  |TAMS 0x000000072d600000| PB 0x000000072d600000| Untracked |  0
|  90|0x000000072d800000, 0x000000072d800000, 0x000000072da00000|  0%| F|  |TAMS 0x000000072d800000| PB 0x000000072d800000| Untracked |  0
|  91|0x000000072da00000, 0x000000072da00000, 0x000000072dc00000|  0%| F|  |TAMS 0x000000072da00000| PB 0x000000072da00000| Untracked |  0
|  92|0x000000072dc00000, 0x000000072dc00000, 0x000000072de00000|  0%| F|  |TAMS 0x000000072dc00000| PB 0x000000072dc00000| Untracked |  0
|  93|0x000000072de00000, 0x000000072de00000, 0x000000072e000000|  0%| F|  |TAMS 0x000000072de00000| PB 0x000000072de00000| Untracked |  0
|  94|0x000000072e000000, 0x000000072e000000, 0x000000072e200000|  0%| F|  |TAMS 0x000000072e000000| PB 0x000000072e000000| Untracked |  0
|  95|0x000000072e200000, 0x000000072e200000, 0x000000072e400000|  0%| F|  |TAMS 0x000000072e200000| PB 0x000000072e200000| Untracked |  0
|  96|0x000000072e400000, 0x000000072e400000, 0x000000072e600000|  0%| F|  |TAMS 0x000000072e400000| PB 0x000000072e400000| Untracked |  0
|  97|0x000000072e600000, 0x000000072e600000, 0x000000072e800000|  0%| F|  |TAMS 0x000000072e600000| PB 0x000000072e600000| Untracked |  0
|  98|0x000000072e800000, 0x000000072e800000, 0x000000072ea00000|  0%| F|  |TAMS 0x000000072e800000| PB 0x000000072e800000| Untracked |  0
|  99|0x000000072ea00000, 0x000000072ea00000, 0x000000072ec00000|  0%| F|  |TAMS 0x000000072ea00000| PB 0x000000072ea00000| Untracked |  0
| 100|0x000000072ec00000, 0x000000072ec00000, 0x000000072ee00000|  0%| F|  |TAMS 0x000000072ec00000| PB 0x000000072ec00000| Untracked |  0
| 101|0x000000072ee00000, 0x000000072ee00000, 0x000000072f000000|  0%| F|  |TAMS 0x000000072ee00000| PB 0x000000072ee00000| Untracked |  0
| 102|0x000000072f000000, 0x000000072f000000, 0x000000072f200000|  0%| F|  |TAMS 0x000000072f000000| PB 0x000000072f000000| Untracked |  0
| 103|0x000000072f200000, 0x000000072f200000, 0x000000072f400000|  0%| F|  |TAMS 0x000000072f200000| PB 0x000000072f200000| Untracked |  0
| 104|0x000000072f400000, 0x000000072f400000, 0x000000072f600000|  0%| F|  |TAMS 0x000000072f400000| PB 0x000000072f400000| Untracked |  0
| 105|0x000000072f600000, 0x000000072f600000, 0x000000072f800000|  0%| F|  |TAMS 0x000000072f600000| PB 0x000000072f600000| Untracked |  0
| 106|0x000000072f800000, 0x000000072f800000, 0x000000072fa00000|  0%| F|  |TAMS 0x000000072f800000| PB 0x000000072f800000| Untracked |  0
| 107|0x000000072fa00000, 0x000000072fa00000, 0x000000072fc00000|  0%| F|  |TAMS 0x000000072fa00000| PB 0x000000072fa00000| Untracked |  0
| 108|0x000000072fc00000, 0x000000072fc00000, 0x000000072fe00000|  0%| F|  |TAMS 0x000000072fc00000| PB 0x000000072fc00000| Untracked |  0
| 109|0x000000072fe00000, 0x000000072fef5d08, 0x0000000730000000| 48%| E|  |TAMS 0x000000072fe00000| PB 0x000000072fe00000| Complete |  0
| 110|0x0000000730000000, 0x0000000730200000, 0x0000000730200000|100%| E|CS|TAMS 0x0000000730000000| PB 0x0000000730000000| Complete |  0

Card table byte_map: [0x000001f9fbdf0000,0x000001f9fc4e0000] _byte_map_base: 0x000001f9f84de000

Marking Bits: (CMBitMap*) 0x000001f9f27a9690
 Bits: [0x000001f9fc4e0000, 0x000001f9ffc50000)

Polling page: 0x000001f9f1f10000

Metaspace:

Usage:
  Non-class:      6.54 MB used.
      Class:    621.04 KB used.
       Both:      7.15 MB used.

Virtual space:
  Non-class space:       64.00 MB reserved,       6.56 MB ( 10%) committed,  1 nodes.
      Class space:        1.00 GB reserved,     704.00 KB ( <1%) committed,  1 nodes.
             Both:        1.06 GB reserved,       7.25 MB ( <1%) committed. 

Chunk freelists:
   Non-Class:  9.00 MB
       Class:  15.25 MB
        Both:  24.25 MB

MaxMetaspaceSize: unlimited
CompressedClassSpaceSize: 1.00 GB
Initial GC threshold: 21.00 MB
Current GC threshold: 21.00 MB
CDS: off
 - commit_granule_bytes: 65536.
 - commit_granule_words: 8192.
 - virtual_space_node_default_size: 8388608.
 - enlarge_chunks_in_place: 1.
 - use_allocation_guard: 0.


Internal statistics:

num_allocs_failed_limit: 0.
num_arena_births: 6.
num_arena_deaths: 0.
num_vsnodes_births: 2.
num_vsnodes_deaths: 0.
num_space_committed: 116.
num_space_uncommitted: 0.
num_chunks_returned_to_freelist: 0.
num_chunks_taken_from_freelist: 25.
num_chunk_merges: 0.
num_chunk_splits: 7.
num_chunks_enlarged: 2.
num_inconsistent_stats: 0.

CodeHeap 'non-profiled nmethods': size=119232Kb used=40Kb max_used=40Kb free=119192Kb
 bounds [0x000001f987b90000, 0x000001f987e00000, 0x000001f98f000000]
CodeHeap 'profiled nmethods': size=119104Kb used=145Kb max_used=145Kb free=118958Kb
 bounds [0x000001f980000000, 0x000001f980270000, 0x000001f987450000]
CodeHeap 'non-nmethods': size=7424Kb used=2412Kb max_used=2426Kb free=5011Kb
 bounds [0x000001f987450000, 0x000001f9876c0000, 0x000001f987b90000]
CodeCache: size=245760Kb, used=2597Kb, max_used=2611Kb, free=243161Kb
 total_blobs=570, nmethods=160, adapters=314, full_count=0
Compilation: enabled, stopped_count=0, restarted_count=0

Compilation events (20 events):
Event: 0.104 Thread 0x000001f9960c7a50 nmethod 105 0x000001f980014e08 code [0x000001f980014f40, 0x000001f9800152b0]
Event: 0.108 Thread 0x000001f9960c7a50  106       3       java.util.Optional::orElse (16 bytes)
Event: 0.108 Thread 0x000001f9961f35a0  107       3       java.lang.ref.Reference::reachabilityFence (1 bytes)
Event: 0.108 Thread 0x000001f9961f35a0 nmethod 107 0x000001f980015308 code [0x000001f980015420, 0x000001f980015508]
Event: 0.108 Thread 0x000001f9960c7a50 nmethod 106 0x000001f980015608 code [0x000001f980015720, 0x000001f9800158a0]
Event: 0.108 Thread 0x000001f9960c7a50  109       3       java.nio.Buffer::session (20 bytes)
Event: 0.108 Thread 0x000001f9961f35a0  110       3       java.nio.Buffer::checkIndex (12 bytes)
Event: 0.109 Thread 0x000001f9961f35a0 nmethod 110 0x000001f980015908 code [0x000001f980015a20, 0x000001f980015b80]
Event: 0.109 Thread 0x000001f9960c7a50 nmethod 109 0x000001f980015c08 code [0x000001f980015d40, 0x000001f980015fe0]
Event: 0.109 Thread 0x000001f9960c7a50  111   !   3       java.nio.DirectByteBuffer::get (34 bytes)
Event: 0.109 Thread 0x000001f9961f35a0  112       3       java.nio.DirectByteBuffer::ix (10 bytes)
Event: 0.109 Thread 0x000001f9961f35a0 nmethod 112 0x000001f980016008 code [0x000001f980016120, 0x000001f980016238]
Event: 0.109 Thread 0x000001f9961f35a0  113   !   3       jdk.internal.misc.ScopedMemoryAccess::getByte (16 bytes)
Event: 0.109 Thread 0x000001f9960a3f70  115       4       java.lang.String::charAt (25 bytes)
Event: 0.109 Thread 0x000001f9961f35a0 nmethod 113 0x000001f980016308 code [0x000001f980016460, 0x000001f980016840]
Event: 0.109 Thread 0x000001f9961f35a0  114   !   3       jdk.internal.misc.ScopedMemoryAccess::getByteInternal (34 bytes)
Event: 0.109 Thread 0x000001f9960c7a50 nmethod 111 0x000001f980016888 code [0x000001f980016a60, 0x000001f980017350]
Event: 0.109 Thread 0x000001f9961f35a0 nmethod 114 0x000001f980017408 code [0x000001f980017540, 0x000001f9800177a0]
Event: 0.109 Thread 0x000001f9960c7a50  117       3       jdk.internal.jimage.ImageStringsReader::unmaskedHashCode (166 bytes)
Event: 0.109 Thread 0x000001f9961f35a0  118       3       jdk.internal.module.ModuleReferenceImpl::hashCode (56 bytes)

GC Heap History (0 events):
No events

Dll operation events (3 events):
Event: 0.006 Loaded shared library C:\Program Files\Java\jdk-23\bin\java.dll
Event: 0.041 Loaded shared library C:\Program Files\Java\jdk-23\bin\jsvml.dll
Event: 0.106 Loaded shared library C:\Program Files\Java\jdk-23\bin\jimage.dll

Deoptimization events (0 events):
No events

Classes loaded (20 events):
Event: 0.108 Loading class java/nio/DirectIntBufferRU
Event: 0.108 Loading class java/nio/DirectIntBufferRU done
Event: 0.108 Loading class jdk/internal/jimage/ImageStringsReader
Event: 0.108 Loading class jdk/internal/jimage/ImageStrings
Event: 0.108 Loading class jdk/internal/jimage/ImageStrings done
Event: 0.108 Loading class jdk/internal/jimage/ImageStringsReader done
Event: 0.108 Loading class jdk/internal/jimage/decompressor/Decompressor
Event: 0.108 Loading class jdk/internal/jimage/decompressor/Decompressor done
Event: 0.108 Loading class jdk/internal/jimage/ImageLocation
Event: 0.108 Loading class jdk/internal/jimage/ImageLocation done
Event: 0.108 Loading class java/util/Collections$EmptyIterator
Event: 0.109 Loading class java/util/Collections$EmptyIterator done
Event: 0.109 Loading class java/util/Collections$EmptyEnumeration
Event: 0.109 Loading class java/util/Collections$EmptyEnumeration done
Event: 0.109 Loading class jdk/internal/loader/BuiltinClassLoader$1
Event: 0.109 Loading class jdk/internal/loader/BuiltinClassLoader$1 done
Event: 0.109 Loading class java/lang/CompoundEnumeration
Event: 0.109 Loading class java/lang/CompoundEnumeration done
Event: 0.109 Loading class jdk/internal/loader/URLClassPath$1
Event: 0.109 Loading class jdk/internal/loader/URLClassPath$1 done

Classes unloaded (0 events):
No events

Classes redefined (0 events):
No events

Internal exceptions (0 events):
No events

VM Operations (0 events):
No events

Memory protections (0 events):
No events

Nmethod flushes (0 events):
No events

Events (12 events):
Event: 0.013 Thread 0x000001f9f0510170 Thread added: 0x000001f9f0510170
Event: 0.039 Thread 0x000001f9f0510170 Thread added: 0x000001f991dce8a0
Event: 0.039 Thread 0x000001f9f0510170 Thread added: 0x000001f996082660
Event: 0.039 Thread 0x000001f9f0510170 Thread added: 0x000001f996076940
Event: 0.039 Thread 0x000001f9f0510170 Thread added: 0x000001f9960773a0
Event: 0.039 Thread 0x000001f9f0510170 Thread added: 0x000001f996077f30
Event: 0.039 Thread 0x000001f9f0510170 Thread added: 0x000001f99606e4f0
Event: 0.040 Thread 0x000001f9f0510170 Thread added: 0x000001f9960a3f70
Event: 0.040 Thread 0x000001f9f0510170 Thread added: 0x000001f9960c7a50
Event: 0.059 Thread 0x000001f9960c7a50 Thread added: 0x000001f9961f35a0
Event: 0.062 Thread 0x000001f9f0510170 Thread added: 0x000001f99625c060
Event: 0.066 Thread 0x000001f9f0510170 Thread added: 0x000001f996269520


Dynamic libraries:
0x00007ff74a640000 - 0x00007ff74a650000 	C:\Program Files\Java\jdk-23\bin\javaw.exe
0x00007ffef3a30000 - 0x00007ffef3c47000 	C:\WINDOWS\SYSTEM32\ntdll.dll
0x00007ffef1c80000 - 0x00007ffef1d44000 	C:\WINDOWS\System32\KERNEL32.DLL
0x00007ffef0d40000 - 0x00007ffef10f7000 	C:\WINDOWS\System32\KERNELBASE.dll
0x00007ffef11a0000 - 0x00007ffef12b1000 	C:\WINDOWS\System32\ucrtbase.dll
0x00007ffeed940000 - 0x00007ffeed95b000 	C:\Program Files\Java\jdk-23\bin\VCRUNTIME140.dll
0x00007ffee0390000 - 0x00007ffee03a7000 	C:\Program Files\Java\jdk-23\bin\jli.dll
0x00007ffef1980000 - 0x00007ffef1b2f000 	C:\WINDOWS\System32\USER32.dll
0x00007ffedddd0000 - 0x00007ffede063000 	C:\WINDOWS\WinSxS\amd64_microsoft.windows.common-controls_6595b64144ccf1df_6.0.22621.3672_none_2713b9d173822955\COMCTL32.dll
0x00007ffef1100000 - 0x00007ffef1126000 	C:\WINDOWS\System32\win32u.dll
0x00007ffef33f0000 - 0x00007ffef3497000 	C:\WINDOWS\System32\msvcrt.dll
0x00007ffef1b50000 - 0x00007ffef1b79000 	C:\WINDOWS\System32\GDI32.dll
0x00007ffef12c0000 - 0x00007ffef13d8000 	C:\WINDOWS\System32\gdi32full.dll
0x00007ffef14d0000 - 0x00007ffef156a000 	C:\WINDOWS\System32\msvcp_win.dll
0x00007ffef2920000 - 0x00007ffef2951000 	C:\WINDOWS\System32\IMM32.DLL
0x00007ffeed930000 - 0x00007ffeed93c000 	C:\Program Files\Java\jdk-23\bin\vcruntime140_1.dll
0x00007ffee0300000 - 0x00007ffee038e000 	C:\Program Files\Java\jdk-23\bin\msvcp140.dll
0x00007ffea6ba0000 - 0x00007ffea78ef000 	C:\Program Files\Java\jdk-23\bin\server\jvm.dll
0x00007ffef27c0000 - 0x00007ffef2872000 	C:\WINDOWS\System32\ADVAPI32.dll
0x00007ffef25c0000 - 0x00007ffef2668000 	C:\WINDOWS\System32\sechost.dll
0x00007ffef13e0000 - 0x00007ffef1408000 	C:\WINDOWS\System32\bcrypt.dll
0x00007ffef3580000 - 0x00007ffef3694000 	C:\WINDOWS\System32\RPCRT4.dll
0x00007ffef26c0000 - 0x00007ffef2731000 	C:\WINDOWS\System32\WS2_32.dll
0x00007ffeefbf0000 - 0x00007ffeefc3d000 	C:\WINDOWS\SYSTEM32\POWRPROF.dll
0x00007ffeeadd0000 - 0x00007ffeeae04000 	C:\WINDOWS\SYSTEM32\WINMM.dll
0x00007ffeea4c0000 - 0x00007ffeea4ca000 	C:\WINDOWS\SYSTEM32\VERSION.dll
0x00007ffeefbd0000 - 0x00007ffeefbe3000 	C:\WINDOWS\SYSTEM32\UMPDC.dll
0x00007ffeefe80000 - 0x00007ffeefe98000 	C:\WINDOWS\SYSTEM32\kernel.appcore.dll
0x00007ffee02f0000 - 0x00007ffee02fa000 	C:\Program Files\Java\jdk-23\bin\jimage.dll
0x00007ffeee760000 - 0x00007ffeee992000 	C:\WINDOWS\SYSTEM32\DBGHELP.DLL
0x00007ffef2970000 - 0x00007ffef2cfe000 	C:\WINDOWS\System32\combase.dll
0x00007ffef34a0000 - 0x00007ffef3577000 	C:\WINDOWS\System32\OLEAUT32.dll
0x00007ffee80e0000 - 0x00007ffee8112000 	C:\WINDOWS\SYSTEM32\dbgcore.DLL
0x00007ffef1570000 - 0x00007ffef15eb000 	C:\WINDOWS\System32\bcryptPrimitives.dll
0x00007ffee02d0000 - 0x00007ffee02ee000 	C:\Program Files\Java\jdk-23\bin\java.dll
0x00007ffef2d00000 - 0x00007ffef2ea5000 	C:\WINDOWS\System32\ole32.dll
0x00007ffef1d50000 - 0x00007ffef25b9000 	C:\WINDOWS\System32\SHELL32.dll
0x00007ffeeecc0000 - 0x00007ffeef5bf000 	C:\WINDOWS\SYSTEM32\windows.storage.dll
0x00007ffeeeb80000 - 0x00007ffeeecbf000 	C:\WINDOWS\SYSTEM32\wintypes.dll
0x00007ffef1b80000 - 0x00007ffef1c79000 	C:\WINDOWS\System32\SHCORE.dll
0x00007ffef28b0000 - 0x00007ffef290e000 	C:\WINDOWS\System32\shlwapi.dll
0x00007ffef0c70000 - 0x00007ffef0c97000 	C:\WINDOWS\SYSTEM32\profapi.dll
0x00007ffeb8080000 - 0x00007ffeb8157000 	C:\Program Files\Java\jdk-23\bin\jsvml.dll
0x00007ffee02c0000 - 0x00007ffee02d0000 	C:\Program Files\Java\jdk-23\bin\net.dll
0x00007ffef02f0000 - 0x00007ffef0359000 	C:\WINDOWS\system32\mswsock.dll
0x00007ffee02a0000 - 0x00007ffee02b6000 	C:\Program Files\Java\jdk-23\bin\nio.dll
0x00007ffee00c0000 - 0x00007ffee00d7000 	C:\Program Files\Java\jdk-23\bin\zip.dll

dbghelp: loaded successfully - version: 4.0.5 - missing functions: none
symbol engine: initialized successfully - sym options: 0x614 - pdb path: .;C:\Program Files\Java\jdk-23\bin;C:\WINDOWS\SYSTEM32;C:\WINDOWS\WinSxS\amd64_microsoft.windows.common-controls_6595b64144ccf1df_6.0.22621.3672_none_2713b9d173822955;C:\Program Files\Java\jdk-23\bin\server

VM Arguments:
jvm_args: -Dfile.encoding=UTF-8 -Dstdout.encoding=UTF-8 -Dstderr.encoding=UTF-8 -XX:+ShowCodeDetailsInExceptionMessages 
java_command: university.management.system.TeacherDetails
java_class_path (initial): C:\Users\PHUCDAI\OneDrive\Máy tính\javaProject\University-Management-System\bin;C:\Users\PHUCDAI\OneDrive\Máy tính\javaProject\University-Management-System\jcalendar-tz-1.3.3-4.jar;C:\Users\PHUCDAI\OneDrive\Máy tính\javaProject\University-Management-System\mysql-connector-java-8.0.28.jar;C:\Users\PHUCDAI\OneDrive\Máy tính\javaProject\University-Management-System\ResultSet2xml.jar;C:\Users\PHUCDAI\OneDrive\Máy tính\javaProject\University-Management-System\com.jgoodies.common_1.8.1.v20240327-0800.jar;C:\Users\PHUCDAI\OneDrive\Máy tính\javaProject\University-Management-System\com.jgoodies.forms_1.9.0.v20240327-0800.jar
Launcher Type: SUN_STANDARD

[Global flags]
     intx CICompilerCount                          = 12                                        {product} {ergonomic}
     uint ConcGCThreads                            = 3                                         {product} {ergonomic}
     uint G1ConcRefinementThreads                  = 13                                        {product} {ergonomic}
   size_t G1HeapRegionSize                         = 2097152                                   {product} {ergonomic}
   size_t InitialHeapSize                          = 232783872                                 {product} {ergonomic}
   size_t MarkStackSize                            = 4194304                                   {product} {ergonomic}
   size_t MarkStackSizeMax                         = 536870912                                 {product} {ergonomic}
   size_t MaxHeapSize                              = 3720347648                                {product} {ergonomic}
   size_t MaxNewSize                               = 2231369728                                {product} {ergonomic}
   size_t MinHeapDeltaBytes                        = 2097152                                   {product} {ergonomic}
   size_t MinHeapSize                              = 8388608                                   {product} {ergonomic}
    uintx NonNMethodCodeHeapSize                   = 7602176                                {pd product} {ergonomic}
    uintx NonProfiledCodeHeapSize                  = 122093568                              {pd product} {ergonomic}
    uintx ProfiledCodeHeapSize                     = 121962496                              {pd product} {ergonomic}
    uintx ReservedCodeCacheSize                    = 251658240                              {pd product} {ergonomic}
     bool SegmentedCodeCache                       = true                                      {product} {ergonomic}
     bool ShowCodeDetailsInExceptionMessages       = true                                   {manageable} {command line}
   size_t SoftMaxHeapSize                          = 3720347648                             {manageable} {ergonomic}
     bool UseCompressedOops                        = true                           {product lp64_product} {ergonomic}
     bool UseG1GC                                  = true                                      {product} {ergonomic}
     bool UseLargePagesIndividualAllocation        = false                                  {pd product} {ergonomic}

Logging:
Log output configuration:
 #0: stdout all=warning uptime,level,tags foldmultilines=false
 #1: stderr all=off uptime,level,tags foldmultilines=false

Environment Variables:
PATH=C:\Program Files\Common Files\Oracle\Java\javapath;C:\Windows\system32;C:\Windows;C:\Windows\System32\Wbem;C:\Windows\System32\WindowsPowerShell\v1.0\;C:\Windows\System32\OpenSSH\;C:\Program Files (x86)\NVIDIA Corporation\PhysX\Common;C:\Program Files\NVIDIA Corporation\NVIDIA NvDLISR;C:\WINDOWS\system32;C:\WINDOWS;C:\WINDOWS\System32\Wbem;C:\WINDOWS\System32\WindowsPowerShell\v1.0\;C:\WINDOWS\System32\OpenSSH\;C:\Program Files\Git\cmd;C:\MinGW\bin;C:\Program Files\nodejs\;C:\Program Files\Microsoft SQL Server\150\Tools\Binn\;C:\Program Files\Microsoft SQL Server\Client SDK\ODBC\170\Tools\Binn\;C:\Program Files\dotnet\;C:\Program Files (x86)\Windows Kits\10\Windows Performance Toolkit\;C:\Program Files (x86)\Microsoft SQL Server\160\Tools\Binn\;C:\Program Files\Microsoft SQL Server\160\Tools\Binn\;C:\Program Files\Microsoft SQL Server\160\DTS\Binn\;C:\Program Files (x86)\Microsoft SQL Server\160\DTS\Binn\;C:\Program Files\Cloudflare\Cloudflare WARP\;C:\xampp\php;C:\ProgramData\ComposerSetup\bin;C:\Users\PHUCDAI\AppData\Local\Microsoft\WindowsApps;C:\Users\PHUCDAI\AppData\Local\Programs\Microsoft VS Code\bin;C:\Users\PHUCDAI\AppData\Local\GitHubDesktop\bin;C:\Users\PHUCDAI\AppData\Roaming\npm;C:\mingw32\bin;C:\Users\PHUCDAI\.dotnet\tools;C:\Users\PHUCDAI\AppData\Roaming\Composer\vendor\bin
USERNAME=PHUCDAI
OS=Windows_NT
PROCESSOR_IDENTIFIER=AMD64 Family 25 Model 80 Stepping 0, AuthenticAMD
TMP=C:\Users\PHUCDAI\AppData\Local\Temp
TEMP=C:\Users\PHUCDAI\AppData\Local\Temp




Periodic native trim disabled

---------------  S Y S T E M  ---------------

OS:
 Windows 11 , 64 bit Build 22621 (10.0.22621.3958)
OS uptime: 0 days 3:33 hours

CPU: total 16 (initial active 16) (16 cores per cpu, 2 threads per core) family 25 model 80 stepping 0 microcode 0x0, cx8, cmov, fxsr, ht, mmx, 3dnowpref, sse, sse2, sse3, ssse3, sse4a, sse4.1, sse4.2, popcnt, lzcnt, tsc, tscinvbit, avx, avx2, aes, erms, clmul, bmi1, bmi2, adx, sha, fma, vzeroupper, clflush, clflushopt, rdtscp, rdpid, fsrm, f16c, pku, cet_ss
Processor Information for processor 0
  Max Mhz: 3201, Current Mhz: 3201, Mhz Limit: 3201
Processor Information for processor 1
  Max Mhz: 3201, Current Mhz: 1990, Mhz Limit: 3201
Processor Information for processor 2
  Max Mhz: 3201, Current Mhz: 1990, Mhz Limit: 3201
Processor Information for processor 3
  Max Mhz: 3201, Current Mhz: 1990, Mhz Limit: 3201
Processor Information for processor 4
  Max Mhz: 3201, Current Mhz: 1990, Mhz Limit: 3201
Processor Information for processor 5
  Max Mhz: 3201, Current Mhz: 1990, Mhz Limit: 3201
Processor Information for processor 6
  Max Mhz: 3201, Current Mhz: 1990, Mhz Limit: 3201
Processor Information for processor 7
  Max Mhz: 3201, Current Mhz: 1990, Mhz Limit: 3201
Processor Information for processor 8
  Max Mhz: 3201, Current Mhz: 1990, Mhz Limit: 3201
Processor Information for processor 9
  Max Mhz: 3201, Current Mhz: 1990, Mhz Limit: 3201
Processor Information for processor 10
  Max Mhz: 3201, Current Mhz: 3201, Mhz Limit: 3201
Processor Information for processor 11
  Max Mhz: 3201, Current Mhz: 1990, Mhz Limit: 3201
Processor Information for processor 12
  Max Mhz: 3201, Current Mhz: 1990, Mhz Limit: 3201
Processor Information for processor 13
  Max Mhz: 3201, Current Mhz: 1990, Mhz Limit: 3201
Processor Information for processor 14
  Max Mhz: 3201, Current Mhz: 3201, Mhz Limit: 3201
Processor Information for processor 15
  Max Mhz: 3201, Current Mhz: 1990, Mhz Limit: 3201

Memory: 4k page, system-wide physical 14188M (349M free)
TotalPageFile size 57196M (AvailPageFile size 0M)
current process WorkingSet (physical memory assigned to process): 36M, peak: 36M
current process commit charge ("private bytes"): 313M, peak: 313M

vm_info: Java HotSpot(TM) 64-Bit Server VM (23+37-2369) for windows-amd64 JRE (23+37-2369), built on 2024-08-20T16:01:23Z with MS VC++ 17.6 (VS2022)

END.
