#
# There is insufficient memory for the Java Runtime Environment to continue.
# Native memory allocation (mmap) failed to map 130023424 bytes. Error detail: G1 virtual space
# Possible reasons:
#   The system is out of physical RAM or swap space
#   This process is running with CompressedOops enabled, and the Java Heap may be blocking the growth of the native heap
# Possible solutions:
#   Reduce memory load on the system
#   Increase physical memory or swap space
#   Check if swap backing store is full
#   Decrease Java heap size (-Xmx/-Xms)
#   Decrease number of Java threads
#   Decrease Java thread stack sizes (-Xss)
#   Set larger code cache with -XX:ReservedCodeCacheSize=
#   JVM is running with Unscaled Compressed Oops mode in which the Java heap is
#     placed in the first 4GB address space. The Java Heap base address is the
#     maximum limit for the native heap growth. Please use -XX:HeapBaseMinAddress
#     to set the Java Heap base and to place the Java Heap above 4GB virtual address.
# This output file may be truncated or incomplete.
#
#  Out of Memory Error (os_windows.cpp:3703), pid=18380, tid=1500
#
# JRE version:  (23.0+37) (build )
# Java VM: OpenJDK 64-Bit Server VM (23+37, mixed mode, sharing, tiered, compressed oops, compressed class ptrs, g1 gc, windows-amd64)
# No core dump will be written. Minidumps are not enabled by default on client versions of Windows
#

---------------  S U M M A R Y ------------

Command Line: -Dfile.encoding=UTF-8 -Dstdout.encoding=UTF-8 -Dstderr.encoding=UTF-8 -XX:+ShowCodeDetailsInExceptionMessages university.management.system.TeacherLeaveDetails

Host: 11th Gen Intel(R) Core(TM) i5-1135G7 @ 2.40GHz, 8 cores, 7G,  Windows 11 , 64 bit Build 22621 (10.0.22621.3958)
Time: Wed Oct 16 13:14:41 2024 SE Asia Standard Time elapsed time: 0.013018 seconds (0d 0h 0m 0s)

---------------  T H R E A D  ---------------

Current thread (0x000002cf07daeeb0):  JavaThread "Unknown thread" [_thread_in_vm, id=1500, stack(0x000000e1b7900000,0x000000e1b7a00000) (1024K)]

Stack: [0x000000e1b7900000,0x000000e1b7a00000]
Native frames: (J=compiled Java code, j=interpreted, Vv=VM code, C=native code)
V  [jvm.dll+0x6e8c69]  (no source info available)
V  [jvm.dll+0x8d9073]  (no source info available)
V  [jvm.dll+0x8db4fe]  (no source info available)
V  [jvm.dll+0x8dbbd3]  (no source info available)
V  [jvm.dll+0x281aa6]  (no source info available)
V  [jvm.dll+0x6e5565]  (no source info available)
V  [jvm.dll+0x6d957a]  (no source info available)
V  [jvm.dll+0x3625fa]  (no source info available)
V  [jvm.dll+0x36aa26]  (no source info available)
V  [jvm.dll+0x356fce]  (no source info available)
V  [jvm.dll+0x357268]  (no source info available)
V  [jvm.dll+0x32fbfc]  (no source info available)
V  [jvm.dll+0x33089e]  (no source info available)
V  [jvm.dll+0x89f915]  (no source info available)
V  [jvm.dll+0x3bfe88]  (no source info available)
V  [jvm.dll+0x88845c]  (no source info available)
V  [jvm.dll+0x45a16e]  (no source info available)
V  [jvm.dll+0x45bf81]  (no source info available)
C  [jli.dll+0x5278]  (no source info available)
C  [ucrtbase.dll+0x29333]  (no source info available)
C  [KERNEL32.DLL+0x1257d]  (no source info available)
C  [ntdll.dll+0x5af08]  (no source info available)

Lock stack of current Java thread (top to bottom):


---------------  P R O C E S S  ---------------

Threads class SMR info:
_java_thread_list=0x00007ffc5eec8ad8, length=0, elements={
}

Java Threads: ( => current thread )
Total: 0

Other Threads:
  0x000002cf0a06ff80 WorkerThread "GC Thread#0"                     [id=12128, stack(0x000000e1b7a00000,0x000000e1b7b00000) (1024K)]
  0x000002cf0a084530 ConcurrentGCThread "G1 Main Marker"            [id=19728, stack(0x000000e1b7b00000,0x000000e1b7c00000) (1024K)]
  0x000002cf0a085990 WorkerThread "G1 Conc#0"                       [id=19724, stack(0x000000e1b7c00000,0x000000e1b7d00000) (1024K)]

[error occurred during error reporting (printing all threads), id 0xc0000005, EXCEPTION_ACCESS_VIOLATION (0xc0000005) at pc=0x00007ffc5e5a326a]
VM state: not at safepoint (not fully initialized)

VM Mutex/Monitor currently owned by a thread:  ([mutex/lock_event])
[0x00007ffc5ef4be70] Heap_lock - owner thread: 0x000002cf07daeeb0

Heap address: 0x0000000084400000, size: 1980 MB, Compressed Oops mode: 32-bit

CDS archive(s) mapped at: [0x0000000000000000-0x0000000000000000-0x0000000000000000), size 0, SharedBaseAddress: 0x0000000800000000, ArchiveRelocationMode: 1.
Narrow klass base: 0x0000000000000000, Narrow klass shift: 0, Narrow klass range: 0x0

GC Precious Log:
 CardTable entry size: 512
 Card Set container configuration: InlinePtr #cards 5 size 8 Array Of Cards #cards 10 size 36 Howl #buckets 4 coarsen threshold 1843 Howl Bitmap #cards 512 size 80 coarsen threshold 460 Card regions per heap region 1 cards per card region 2048

Heap:
 garbage-first heap   total reserved 2027520K, committed 0K, used 0K [0x0000000084400000, 0x0000000100000000)
  region size 1024K, 0 young (0K), 0 survivors (0K)

[error occurred during error reporting (printing heap information), id 0xc0000005, EXCEPTION_ACCESS_VIOLATION (0xc0000005) at pc=0x00007ffc5e9a51e9]
GC Heap History (0 events):
No events

Dll operation events (1 events):
Event: 0.008 Loaded shared library C:\Users\vtai1\.p2\pool\plugins\org.eclipse.justj.openjdk.hotspot.jre.full.win32.x86_64_23.0.0.v20240919-1706\jre\bin\java.dll

Deoptimization events (0 events):
No events

Classes loaded (0 events):
No events

Classes unloaded (0 events):
No events

Classes redefined (0 events):
No events

Internal exceptions (0 events):
No events

VM Operations (0 events):
No events

Memory protections (0 events):
No events

Nmethod flushes (0 events):
No events

Events (0 events):
No events


Dynamic libraries:
0x00007ff7a4d80000 - 0x00007ff7a4d8e000 	C:\Users\vtai1\.p2\pool\plugins\org.eclipse.justj.openjdk.hotspot.jre.full.win32.x86_64_23.0.0.v20240919-1706\jre\bin\javaw.exe
0x00007ffd1cb10000 - 0x00007ffd1cd27000 	C:\WINDOWS\SYSTEM32\ntdll.dll
0x00007ffd1b110000 - 0x00007ffd1b1d4000 	C:\WINDOWS\System32\KERNEL32.DLL
0x00007ffd19f40000 - 0x00007ffd1a2f7000 	C:\WINDOWS\System32\KERNELBASE.dll
0x00007ffd19e20000 - 0x00007ffd19f31000 	C:\WINDOWS\System32\ucrtbase.dll
0x00007ffd0c4b0000 - 0x00007ffd0c4c7000 	C:\Users\vtai1\.p2\pool\plugins\org.eclipse.justj.openjdk.hotspot.jre.full.win32.x86_64_23.0.0.v20240919-1706\jre\bin\jli.dll
0x00007ffd0c4d0000 - 0x00007ffd0c4eb000 	C:\Users\vtai1\.p2\pool\plugins\org.eclipse.justj.openjdk.hotspot.jre.full.win32.x86_64_23.0.0.v20240919-1706\jre\bin\VCRUNTIME140.dll
0x00007ffd1c0d0000 - 0x00007ffd1c27f000 	C:\WINDOWS\System32\USER32.dll
0x00007ffd1a810000 - 0x00007ffd1a836000 	C:\WINDOWS\System32\win32u.dll
0x00007ffd009b0000 - 0x00007ffd00c43000 	C:\WINDOWS\WinSxS\amd64_microsoft.windows.common-controls_6595b64144ccf1df_6.0.22621.3672_none_2713b9d173822955\COMCTL32.dll
0x00007ffd1a940000 - 0x00007ffd1a969000 	C:\WINDOWS\System32\GDI32.dll
0x00007ffd1c280000 - 0x00007ffd1c327000 	C:\WINDOWS\System32\msvcrt.dll
0x00007ffd1a6f0000 - 0x00007ffd1a808000 	C:\WINDOWS\System32\gdi32full.dll
0x00007ffd1a590000 - 0x00007ffd1a62a000 	C:\WINDOWS\System32\msvcp_win.dll
0x00007ffd1aa20000 - 0x00007ffd1aa51000 	C:\WINDOWS\System32\IMM32.DLL
0x00007ffd0c4a0000 - 0x00007ffd0c4ac000 	C:\Users\vtai1\.p2\pool\plugins\org.eclipse.justj.openjdk.hotspot.jre.full.win32.x86_64_23.0.0.v20240919-1706\jre\bin\vcruntime140_1.dll
0x00007ffcebeb0000 - 0x00007ffcebf3e000 	C:\Users\vtai1\.p2\pool\plugins\org.eclipse.justj.openjdk.hotspot.jre.full.win32.x86_64_23.0.0.v20240919-1706\jre\bin\msvcp140.dll
0x00007ffc5e260000 - 0x00007ffc5f02d000 	C:\Users\vtai1\.p2\pool\plugins\org.eclipse.justj.openjdk.hotspot.jre.full.win32.x86_64_23.0.0.v20240919-1706\jre\bin\server\jvm.dll
0x00007ffd1c330000 - 0x00007ffd1c3e2000 	C:\WINDOWS\System32\ADVAPI32.dll
0x00007ffd1a970000 - 0x00007ffd1aa18000 	C:\WINDOWS\System32\sechost.dll
0x00007ffd1a3f0000 - 0x00007ffd1a418000 	C:\WINDOWS\System32\bcrypt.dll
0x00007ffd1ae20000 - 0x00007ffd1af34000 	C:\WINDOWS\System32\RPCRT4.dll
0x00007ffd1bad0000 - 0x00007ffd1bb41000 	C:\WINDOWS\System32\WS2_32.dll
0x00007ffd0ffe0000 - 0x00007ffd0ffea000 	C:\WINDOWS\SYSTEM32\VERSION.dll
0x00007ffd19cf0000 - 0x00007ffd19d3d000 	C:\WINDOWS\SYSTEM32\POWRPROF.dll
0x00007ffd10260000 - 0x00007ffd10294000 	C:\WINDOWS\SYSTEM32\WINMM.dll
0x00007ffd19cd0000 - 0x00007ffd19ce3000 	C:\WINDOWS\SYSTEM32\UMPDC.dll
0x00007ffd18e70000 - 0x00007ffd18e88000 	C:\WINDOWS\SYSTEM32\kernel.appcore.dll
0x00007ffd0c5d0000 - 0x00007ffd0c5da000 	C:\Users\vtai1\.p2\pool\plugins\org.eclipse.justj.openjdk.hotspot.jre.full.win32.x86_64_23.0.0.v20240919-1706\jre\bin\jimage.dll
0x00007ffd052e0000 - 0x00007ffd05512000 	C:\WINDOWS\SYSTEM32\DBGHELP.DLL
0x00007ffd1c660000 - 0x00007ffd1c9ee000 	C:\WINDOWS\System32\combase.dll
0x00007ffd1c9f0000 - 0x00007ffd1cac7000 	C:\WINDOWS\System32\OLEAUT32.dll
0x00007ffd046b0000 - 0x00007ffd046e2000 	C:\WINDOWS\SYSTEM32\dbgcore.DLL
0x00007ffd1a300000 - 0x00007ffd1a37b000 	C:\WINDOWS\System32\bcryptPrimitives.dll
0x00007ffcebfb0000 - 0x00007ffcebfce000 	C:\Users\vtai1\.p2\pool\plugins\org.eclipse.justj.openjdk.hotspot.jre.full.win32.x86_64_23.0.0.v20240919-1706\jre\bin\java.dll
0x00007ffd1c4b0000 - 0x00007ffd1c655000 	C:\WINDOWS\System32\ole32.dll
0x00007ffd1b260000 - 0x00007ffd1bac9000 	C:\WINDOWS\System32\SHELL32.dll

dbghelp: loaded successfully - version: 4.0.5 - missing functions: none
symbol engine: initialized successfully - sym options: 0x614 - pdb path: .;C:\Users\vtai1\.p2\pool\plugins\org.eclipse.justj.openjdk.hotspot.jre.full.win32.x86_64_23.0.0.v20240919-1706\jre\bin;C:\WINDOWS\SYSTEM32;C:\WINDOWS\WinSxS\amd64_microsoft.windows.common-controls_6595b64144ccf1df_6.0.22621.3672_none_2713b9d173822955;C:\Users\vtai1\.p2\pool\plugins\org.eclipse.justj.openjdk.hotspot.jre.full.win32.x86_64_23.0.0.v20240919-1706\jre\bin\server

VM Arguments:
jvm_args: -Dfile.encoding=UTF-8 -Dstdout.encoding=UTF-8 -Dstderr.encoding=UTF-8 -XX:+ShowCodeDetailsInExceptionMessages 
java_command: university.management.system.TeacherLeaveDetails
java_class_path (initial): D:\lap trinh java\University-Management-System\bin;D:\lap trinh java\University-Management-System\jcalendar-tz-1.3.3-4.jar;D:\lap trinh java\University-Management-System\mysql-connector-java-8.0.28.jar;D:\lap trinh java\University-Management-System\ResultSet2xml.jar
Launcher Type: SUN_STANDARD

[Global flags]
     intx CICompilerCount                          = 4                                         {product} {ergonomic}
     uint ConcGCThreads                            = 2                                         {product} {ergonomic}
     uint G1ConcRefinementThreads                  = 8                                         {product} {ergonomic}
   size_t G1HeapRegionSize                         = 1048576                                   {product} {ergonomic}
   size_t InitialHeapSize                          = 130023424                                 {product} {ergonomic}
   size_t MarkStackSize                            = 4194304                                   {product} {ergonomic}
   size_t MarkStackSizeMax                         = 536870912                                 {product} {ergonomic}
   size_t MaxHeapSize                              = 2076180480                                {product} {ergonomic}
   size_t MinHeapDeltaBytes                        = 1048576                                   {product} {ergonomic}
   size_t MinHeapSize                              = 8388608                                   {product} {ergonomic}
    uintx NonNMethodCodeHeapSize                   = 5832704                                {pd product} {ergonomic}
    uintx NonProfiledCodeHeapSize                  = 122945536                              {pd product} {ergonomic}
    uintx ProfiledCodeHeapSize                     = 122880000                              {pd product} {ergonomic}
    uintx ReservedCodeCacheSize                    = 251658240                              {pd product} {ergonomic}
     bool SegmentedCodeCache                       = true                                      {product} {ergonomic}
     bool ShowCodeDetailsInExceptionMessages       = true                                   {manageable} {command line}
   size_t SoftMaxHeapSize                          = 2076180480                             {manageable} {ergonomic}
     bool UseCompressedOops                        = true                           {product lp64_product} {ergonomic}
     bool UseG1GC                                  = true                                      {product} {ergonomic}
     bool UseLargePagesIndividualAllocation        = false                                  {pd product} {ergonomic}

Logging:
Log output configuration:
 #0: stdout all=warning uptime,level,tags foldmultilines=false
 #1: stderr all=off uptime,level,tags foldmultilines=false

Environment Variables:
PATH=C:/Users/vtai1/.p2/pool/plugins/org.eclipse.justj.openjdk.hotspot.jre.full.win32.x86_64_23.0.0.v20240919-1706/jre/bin/server;C:/Users/vtai1/.p2/pool/plugins/org.eclipse.justj.openjdk.hotspot.jre.full.win32.x86_64_23.0.0.v20240919-1706/jre/bin;C:\Program Files\Common Files\Oracle\Java\javapath;C:\Program Files (x86)\Common Files\Oracle\Java\javapath;C:\WINDOWS\system32;C:\WINDOWS;C:\WINDOWS\System32\Wbem;C:\WINDOWS\System32\WindowsPowerShell\v1.0\;C:\WINDOWS\System32\OpenSSH\;C:\Program Files\dotnet\;C:\Program Files\Cloudflare\Cloudflare WARP\;C:\Program Files\nodejs\;C:\Program Files\Git\cmd;C:\Users\vtai1\AppData\Local\Microsoft\WindowsApps;D:\vtai1\Documents\AppServ\Apache24\bin;D:\vtai1\Documents\AppServ\php7;D:\vtai1\Documents\AppServ\MySQL\bin;C:\AppServ\Apache24\bin;C:\AppServ\php7;C:\AppServ\MySQL\bin;C:\Users\vtai1\AppData\Roaming\npm;C:\Users\vtai1\AppData\Local\Programs\Microsoft VS Code\bin;C:\Users\vtai1\AppData\Local\GitHubDesktop\bin;C:\WINDOWS\system32;
USERNAME=vtai1
OS=Windows_NT
PROCESSOR_IDENTIFIER=Intel64 Family 6 Model 140 Stepping 1, GenuineIntel
TMP=C:\Users\vtai1\AppData\Local\Temp
TEMP=C:\Users\vtai1\AppData\Local\Temp




Periodic native trim disabled

---------------  S Y S T E M  ---------------

OS:
 Windows 11 , 64 bit Build 22621 (10.0.22621.3958)
OS uptime: 0 days 2:00 hours

CPU: total 8 (initial active 8) (4 cores per cpu, 2 threads per core) family 6 model 140 stepping 1 microcode 0xb8, cx8, cmov, fxsr, ht, mmx, 3dnowpref, sse, sse2, sse3, ssse3, sse4.1, sse4.2, popcnt, lzcnt, tsc, tscinvbit, avx, avx2, aes, erms, clmul, bmi1, bmi2, adx, avx512f, avx512dq, avx512cd, avx512bw, avx512vl, sha, fma, vzeroupper, avx512_vpopcntdq, avx512_vpclmulqdq, avx512_vaes, avx512_vnni, clflush, clflushopt, clwb, avx512_vbmi2, avx512_vbmi, rdtscp, rdpid, fsrm, gfni, avx512_bitalg, f16c, pku, cet_ibt, cet_ss, avx512_ifma
Processor Information for the first 8 processors :
  Max Mhz: 2419, Current Mhz: 2419, Mhz Limit: 2419

Memory: 4k page, system-wide physical 7914M (386M free)
TotalPageFile size 18366M (AvailPageFile size 37M)
current process WorkingSet (physical memory assigned to process): 12M, peak: 12M
current process commit charge ("private bytes"): 60M, peak: 184M

vm_info: OpenJDK 64-Bit Server VM (23+37) for windows-amd64 JRE (23+37), built on 2024-09-17T00:00:00Z with MS VC++ 17.7 (VS2022)

END.
