#
# There is insufficient memory for the Java Runtime Environment to continue.
# Native memory allocation (mmap) failed to map 232783872 bytes. Error detail: G1 virtual space
# Possible reasons:
#   The system is out of physical RAM or swap space
#   This process is running with CompressedOops enabled, and the Java Heap may be blocking the growth of the native heap
# Possible solutions:
#   Reduce memory load on the system
#   Increase physical memory or swap space
#   Check if swap backing store is full
#   Decrease Java heap size (-Xmx/-Xms)
#   Decrease number of Java threads
#   Decrease Java thread stack sizes (-Xss)
#   Set larger code cache with -XX:ReservedCodeCacheSize=
#   JVM is running with Zero Based Compressed Oops mode in which the Java heap is
#     placed in the first 32GB address space. The Java Heap base address is the
#     maximum limit for the native heap growth. Please use -XX:HeapBaseMinAddress
#     to set the Java Heap base and to place the Java Heap above 32GB virtual address.
# This output file may be truncated or incomplete.
#
#  Out of Memory Error (os_windows.cpp:3703), pid=37852, tid=39120
#
# JRE version:  (23.0+37) (build )
# Java VM: Java HotSpot(TM) 64-Bit Server VM (23+37-2369, mixed mode, sharing, tiered, compressed oops, compressed class ptrs, g1 gc, windows-amd64)
# No core dump will be written. Minidumps are not enabled by default on client versions of Windows
#

---------------  S U M M A R Y ------------

Command Line: -Dfile.encoding=UTF-8 -Dstdout.encoding=UTF-8 -Dstderr.encoding=UTF-8 -XX:+ShowCodeDetailsInExceptionMessages university.management.system.TeacherDetails

Host: AMD Ryzen 7 5800H with Radeon Graphics         , 16 cores, 13G,  Windows 11 , 64 bit Build 22621 (10.0.22621.3958)
Time: Fri Oct 25 17:50:57 2024 SE Asia Standard Time elapsed time: 0.009412 seconds (0d 0h 0m 0s)

---------------  T H R E A D  ---------------

Current thread (0x0000027c85d40190):  JavaThread "Unknown thread" [_thread_in_vm, id=39120, stack(0x000000e778000000,0x000000e778100000) (1024K)]

Stack: [0x000000e778000000,0x000000e778100000]
Native frames: (J=compiled Java code, j=interpreted, Vv=VM code, C=native code)
V  [jvm.dll+0x6e08a9]  (no source info available)
V  [jvm.dll+0x87da63]  (no source info available)
V  [jvm.dll+0x87feee]  (no source info available)
V  [jvm.dll+0x8805c3]  (no source info available)
V  [jvm.dll+0x27aee6]  (no source info available)
V  [jvm.dll+0x6dd1b5]  (no source info available)
V  [jvm.dll+0x6d103a]  (no source info available)
V  [jvm.dll+0x35b3ea]  (no source info available)
V  [jvm.dll+0x3637f6]  (no source info available)
V  [jvm.dll+0x34fd5e]  (no source info available)
V  [jvm.dll+0x34fff8]  (no source info available)
V  [jvm.dll+0x3289cc]  (no source info available)
V  [jvm.dll+0x32966e]  (no source info available)
V  [jvm.dll+0x8442e5]  (no source info available)
V  [jvm.dll+0x3b9848]  (no source info available)
V  [jvm.dll+0x82d0dc]  (no source info available)
V  [jvm.dll+0x454d4e]  (no source info available)
V  [jvm.dll+0x456bd1]  (no source info available)
C  [jli.dll+0x52a3]  (no source info available)
C  [ucrtbase.dll+0x29333]  (no source info available)
C  [KERNEL32.DLL+0x1257d]  (no source info available)
C  [ntdll.dll+0x5af08]  (no source info available)

Lock stack of current Java thread (top to bottom):


---------------  P R O C E S S  ---------------

Threads class SMR info:
_java_thread_list=0x00007ffea7793618, length=0, elements={
}

Java Threads: ( => current thread )
Total: 0

Other Threads:
  0x0000027c88008f80 WorkerThread "GC Thread#0"                     [id=38048, stack(0x000000e778100000,0x000000e778200000) (1024K)]
  0x0000027c8801be50 ConcurrentGCThread "G1 Main Marker"            [id=39008, stack(0x000000e778200000,0x000000e778300000) (1024K)]
  0x0000027c8801c960 WorkerThread "G1 Conc#0"                       [id=39796, stack(0x000000e778300000,0x000000e778400000) (1024K)]

[error occurred during error reporting (printing all threads), id 0xc0000005, EXCEPTION_ACCESS_VIOLATION (0xc0000005) at pc=0x00007ffea6edbfba]
VM state: not at safepoint (not fully initialized)

VM Mutex/Monitor currently owned by a thread:  ([mutex/lock_event])
[0x00007ffea7813a10] Heap_lock - owner thread: 0x0000027c85d40190

Heap address: 0x0000000722400000, size: 3548 MB, Compressed Oops mode: Zero based, Oop shift amount: 3

CDS archive(s) mapped at: [0x0000000000000000-0x0000000000000000-0x0000000000000000), size 0, SharedBaseAddress: 0x0000000800000000, ArchiveRelocationMode: 1.
Narrow klass base: 0x0000000000000000, Narrow klass shift: 0, Narrow klass range: 0x0

GC Precious Log:
 CardTable entry size: 512
 Card Set container configuration: InlinePtr #cards 4 size 8 Array Of Cards #cards 16 size 48 Howl #buckets 8 coarsen threshold 3686 Howl Bitmap #cards 512 size 80 coarsen threshold 460 Card regions per heap region 1 cards per card region 4096

Heap:
 garbage-first heap   total reserved 3633152K, committed 0K, used 0K [0x0000000722400000, 0x0000000800000000)
  region size 2048K, 0 young (0K), 0 survivors (0K)

[error occurred during error reporting (printing heap information), id 0xc0000005, EXCEPTION_ACCESS_VIOLATION (0xc0000005) at pc=0x00007ffea72dc3b9]
GC Heap History (0 events):
No events

Dll operation events (1 events):
Event: 0.006 Loaded shared library C:\Program Files\Java\jdk-23\bin\java.dll

Deoptimization events (0 events):
No events

Classes loaded (0 events):
No events

Classes unloaded (0 events):
No events

Classes redefined (0 events):
No events

Internal exceptions (0 events):
No events

VM Operations (0 events):
No events

Memory protections (0 events):
No events

Nmethod flushes (0 events):
No events

Events (0 events):
No events


Dynamic libraries:
0x00007ff74a640000 - 0x00007ff74a650000 	C:\Program Files\Java\jdk-23\bin\javaw.exe
0x00007ffef3a30000 - 0x00007ffef3c47000 	C:\WINDOWS\SYSTEM32\ntdll.dll
0x00007ffef1c80000 - 0x00007ffef1d44000 	C:\WINDOWS\System32\KERNEL32.DLL
0x00007ffef0d40000 - 0x00007ffef10f7000 	C:\WINDOWS\System32\KERNELBASE.dll
0x00007ffef11a0000 - 0x00007ffef12b1000 	C:\WINDOWS\System32\ucrtbase.dll
0x00007ffee0390000 - 0x00007ffee03a7000 	C:\Program Files\Java\jdk-23\bin\jli.dll
0x00007ffeed940000 - 0x00007ffeed95b000 	C:\Program Files\Java\jdk-23\bin\VCRUNTIME140.dll
0x00007ffef1980000 - 0x00007ffef1b2f000 	C:\WINDOWS\System32\USER32.dll
0x00007ffef1100000 - 0x00007ffef1126000 	C:\WINDOWS\System32\win32u.dll
0x00007ffedddd0000 - 0x00007ffede063000 	C:\WINDOWS\WinSxS\amd64_microsoft.windows.common-controls_6595b64144ccf1df_6.0.22621.3672_none_2713b9d173822955\COMCTL32.dll
0x00007ffef1b50000 - 0x00007ffef1b79000 	C:\WINDOWS\System32\GDI32.dll
0x00007ffef33f0000 - 0x00007ffef3497000 	C:\WINDOWS\System32\msvcrt.dll
0x00007ffef12c0000 - 0x00007ffef13d8000 	C:\WINDOWS\System32\gdi32full.dll
0x00007ffef14d0000 - 0x00007ffef156a000 	C:\WINDOWS\System32\msvcp_win.dll
0x00007ffef2920000 - 0x00007ffef2951000 	C:\WINDOWS\System32\IMM32.DLL
0x00007ffeed930000 - 0x00007ffeed93c000 	C:\Program Files\Java\jdk-23\bin\vcruntime140_1.dll
0x00007ffee0300000 - 0x00007ffee038e000 	C:\Program Files\Java\jdk-23\bin\msvcp140.dll
0x00007ffea6ba0000 - 0x00007ffea78ef000 	C:\Program Files\Java\jdk-23\bin\server\jvm.dll
0x00007ffef27c0000 - 0x00007ffef2872000 	C:\WINDOWS\System32\ADVAPI32.dll
0x00007ffef25c0000 - 0x00007ffef2668000 	C:\WINDOWS\System32\sechost.dll
0x00007ffef13e0000 - 0x00007ffef1408000 	C:\WINDOWS\System32\bcrypt.dll
0x00007ffef3580000 - 0x00007ffef3694000 	C:\WINDOWS\System32\RPCRT4.dll
0x00007ffef26c0000 - 0x00007ffef2731000 	C:\WINDOWS\System32\WS2_32.dll
0x00007ffeefbf0000 - 0x00007ffeefc3d000 	C:\WINDOWS\SYSTEM32\POWRPROF.dll
0x00007ffeeadd0000 - 0x00007ffeeae04000 	C:\WINDOWS\SYSTEM32\WINMM.dll
0x00007ffeea4c0000 - 0x00007ffeea4ca000 	C:\WINDOWS\SYSTEM32\VERSION.dll
0x00007ffeefbd0000 - 0x00007ffeefbe3000 	C:\WINDOWS\SYSTEM32\UMPDC.dll
0x00007ffeefe80000 - 0x00007ffeefe98000 	C:\WINDOWS\SYSTEM32\kernel.appcore.dll
0x00007ffee02f0000 - 0x00007ffee02fa000 	C:\Program Files\Java\jdk-23\bin\jimage.dll
0x00007ffeee760000 - 0x00007ffeee992000 	C:\WINDOWS\SYSTEM32\DBGHELP.DLL
0x00007ffef2970000 - 0x00007ffef2cfe000 	C:\WINDOWS\System32\combase.dll
0x00007ffef34a0000 - 0x00007ffef3577000 	C:\WINDOWS\System32\OLEAUT32.dll
0x00007ffee80e0000 - 0x00007ffee8112000 	C:\WINDOWS\SYSTEM32\dbgcore.DLL
0x00007ffef1570000 - 0x00007ffef15eb000 	C:\WINDOWS\System32\bcryptPrimitives.dll
0x00007ffee02d0000 - 0x00007ffee02ee000 	C:\Program Files\Java\jdk-23\bin\java.dll
0x00007ffef2d00000 - 0x00007ffef2ea5000 	C:\WINDOWS\System32\ole32.dll
0x00007ffef1d50000 - 0x00007ffef25b9000 	C:\WINDOWS\System32\SHELL32.dll

dbghelp: loaded successfully - version: 4.0.5 - missing functions: none
symbol engine: initialized successfully - sym options: 0x614 - pdb path: .;C:\Program Files\Java\jdk-23\bin;C:\WINDOWS\SYSTEM32;C:\WINDOWS\WinSxS\amd64_microsoft.windows.common-controls_6595b64144ccf1df_6.0.22621.3672_none_2713b9d173822955;C:\Program Files\Java\jdk-23\bin\server

VM Arguments:
jvm_args: -Dfile.encoding=UTF-8 -Dstdout.encoding=UTF-8 -Dstderr.encoding=UTF-8 -XX:+ShowCodeDetailsInExceptionMessages 
java_command: university.management.system.TeacherDetails
java_class_path (initial): C:\Users\PHUCDAI\OneDrive\Máy tính\javaProject\University-Management-System\bin;C:\Users\PHUCDAI\OneDrive\Máy tính\javaProject\University-Management-System\jcalendar-tz-1.3.3-4.jar;C:\Users\PHUCDAI\OneDrive\Máy tính\javaProject\University-Management-System\mysql-connector-java-8.0.28.jar;C:\Users\PHUCDAI\OneDrive\Máy tính\javaProject\University-Management-System\ResultSet2xml.jar;C:\Users\PHUCDAI\OneDrive\Máy tính\javaProject\University-Management-System\com.jgoodies.common_1.8.1.v20240327-0800.jar;C:\Users\PHUCDAI\OneDrive\Máy tính\javaProject\University-Management-System\com.jgoodies.forms_1.9.0.v20240327-0800.jar
Launcher Type: SUN_STANDARD

[Global flags]
     intx CICompilerCount                          = 12                                        {product} {ergonomic}
     uint ConcGCThreads                            = 3                                         {product} {ergonomic}
     uint G1ConcRefinementThreads                  = 13                                        {product} {ergonomic}
   size_t G1HeapRegionSize                         = 2097152                                   {product} {ergonomic}
   size_t InitialHeapSize                          = 232783872                                 {product} {ergonomic}
   size_t MarkStackSize                            = 4194304                                   {product} {ergonomic}
   size_t MarkStackSizeMax                         = 536870912                                 {product} {ergonomic}
   size_t MaxHeapSize                              = 3720347648                                {product} {ergonomic}
   size_t MinHeapDeltaBytes                        = 2097152                                   {product} {ergonomic}
   size_t MinHeapSize                              = 8388608                                   {product} {ergonomic}
    uintx NonNMethodCodeHeapSize                   = 7602176                                {pd product} {ergonomic}
    uintx NonProfiledCodeHeapSize                  = 122093568                              {pd product} {ergonomic}
    uintx ProfiledCodeHeapSize                     = 121962496                              {pd product} {ergonomic}
    uintx ReservedCodeCacheSize                    = 251658240                              {pd product} {ergonomic}
     bool SegmentedCodeCache                       = true                                      {product} {ergonomic}
     bool ShowCodeDetailsInExceptionMessages       = true                                   {manageable} {command line}
   size_t SoftMaxHeapSize                          = 3720347648                             {manageable} {ergonomic}
     bool UseCompressedOops                        = true                           {product lp64_product} {ergonomic}
     bool UseG1GC                                  = true                                      {product} {ergonomic}
     bool UseLargePagesIndividualAllocation        = false                                  {pd product} {ergonomic}

Logging:
Log output configuration:
 #0: stdout all=warning uptime,level,tags foldmultilines=false
 #1: stderr all=off uptime,level,tags foldmultilines=false

Environment Variables:
PATH=C:\Program Files\Common Files\Oracle\Java\javapath;C:\Windows\system32;C:\Windows;C:\Windows\System32\Wbem;C:\Windows\System32\WindowsPowerShell\v1.0\;C:\Windows\System32\OpenSSH\;C:\Program Files (x86)\NVIDIA Corporation\PhysX\Common;C:\Program Files\NVIDIA Corporation\NVIDIA NvDLISR;C:\WINDOWS\system32;C:\WINDOWS;C:\WINDOWS\System32\Wbem;C:\WINDOWS\System32\WindowsPowerShell\v1.0\;C:\WINDOWS\System32\OpenSSH\;C:\Program Files\Git\cmd;C:\MinGW\bin;C:\Program Files\nodejs\;C:\Program Files\Microsoft SQL Server\150\Tools\Binn\;C:\Program Files\Microsoft SQL Server\Client SDK\ODBC\170\Tools\Binn\;C:\Program Files\dotnet\;C:\Program Files (x86)\Windows Kits\10\Windows Performance Toolkit\;C:\Program Files (x86)\Microsoft SQL Server\160\Tools\Binn\;C:\Program Files\Microsoft SQL Server\160\Tools\Binn\;C:\Program Files\Microsoft SQL Server\160\DTS\Binn\;C:\Program Files (x86)\Microsoft SQL Server\160\DTS\Binn\;C:\Program Files\Cloudflare\Cloudflare WARP\;C:\xampp\php;C:\ProgramData\ComposerSetup\bin;C:\Users\PHUCDAI\AppData\Local\Microsoft\WindowsApps;C:\Users\PHUCDAI\AppData\Local\Programs\Microsoft VS Code\bin;C:\Users\PHUCDAI\AppData\Local\GitHubDesktop\bin;C:\Users\PHUCDAI\AppData\Roaming\npm;C:\mingw32\bin;C:\Users\PHUCDAI\.dotnet\tools;C:\Users\PHUCDAI\AppData\Roaming\Composer\vendor\bin
USERNAME=PHUCDAI
OS=Windows_NT
PROCESSOR_IDENTIFIER=AMD64 Family 25 Model 80 Stepping 0, AuthenticAMD
TMP=C:\Users\PHUCDAI\AppData\Local\Temp
TEMP=C:\Users\PHUCDAI\AppData\Local\Temp




Periodic native trim disabled

---------------  S Y S T E M  ---------------

OS:
 Windows 11 , 64 bit Build 22621 (10.0.22621.3958)
OS uptime: 0 days 3:33 hours

CPU: total 16 (initial active 16) (16 cores per cpu, 2 threads per core) family 25 model 80 stepping 0 microcode 0x0, cx8, cmov, fxsr, ht, mmx, 3dnowpref, sse, sse2, sse3, ssse3, sse4a, sse4.1, sse4.2, popcnt, lzcnt, tsc, tscinvbit, avx, avx2, aes, erms, clmul, bmi1, bmi2, adx, sha, fma, vzeroupper, clflush, clflushopt, rdtscp, rdpid, fsrm, f16c, pku, cet_ss
Processor Information for processor 0
  Max Mhz: 3201, Current Mhz: 1990, Mhz Limit: 3201
Processor Information for processor 1
  Max Mhz: 3201, Current Mhz: 1990, Mhz Limit: 3201
Processor Information for processor 2
  Max Mhz: 3201, Current Mhz: 1990, Mhz Limit: 3201
Processor Information for processor 3
  Max Mhz: 3201, Current Mhz: 1990, Mhz Limit: 3201
Processor Information for processor 4
  Max Mhz: 3201, Current Mhz: 1990, Mhz Limit: 3201
Processor Information for processor 5
  Max Mhz: 3201, Current Mhz: 1990, Mhz Limit: 3201
Processor Information for processor 6
  Max Mhz: 3201, Current Mhz: 1990, Mhz Limit: 3201
Processor Information for processor 7
  Max Mhz: 3201, Current Mhz: 1990, Mhz Limit: 3201
Processor Information for processor 8
  Max Mhz: 3201, Current Mhz: 1990, Mhz Limit: 3201
Processor Information for processor 9
  Max Mhz: 3201, Current Mhz: 1990, Mhz Limit: 3201
Processor Information for processor 10
  Max Mhz: 3201, Current Mhz: 3201, Mhz Limit: 3201
Processor Information for processor 11
  Max Mhz: 3201, Current Mhz: 1990, Mhz Limit: 3201
Processor Information for processor 12
  Max Mhz: 3201, Current Mhz: 3201, Mhz Limit: 3201
Processor Information for processor 13
  Max Mhz: 3201, Current Mhz: 1990, Mhz Limit: 3201
Processor Information for processor 14
  Max Mhz: 3201, Current Mhz: 3201, Mhz Limit: 3201
Processor Information for processor 15
  Max Mhz: 3201, Current Mhz: 1990, Mhz Limit: 3201

Memory: 4k page, system-wide physical 14188M (363M free)
TotalPageFile size 57196M (AvailPageFile size 205M)
current process WorkingSet (physical memory assigned to process): 12M, peak: 12M
current process commit charge ("private bytes"): 71M, peak: 292M

vm_info: Java HotSpot(TM) 64-Bit Server VM (23+37-2369) for windows-amd64 JRE (23+37-2369), built on 2024-08-20T16:01:23Z with MS VC++ 17.6 (VS2022)

END.
