#
# There is insufficient memory for the Java Runtime Environment to continue.
# Native memory allocation (mmap) failed to map 65536 bytes. Error detail: Failed to commit metaspace.
# Possible reasons:
#   The system is out of physical RAM or swap space
#   This process is running with CompressedOops enabled, and the Java Heap may be blocking the growth of the native heap
# Possible solutions:
#   Reduce memory load on the system
#   Increase physical memory or swap space
#   Check if swap backing store is full
#   Decrease Java heap size (-Xmx/-Xms)
#   Decrease number of Java threads
#   Decrease Java thread stack sizes (-Xss)
#   Set larger code cache with -XX:ReservedCodeCacheSize=
#   JVM is running with Zero Based Compressed Oops mode in which the Java heap is
#     placed in the first 32GB address space. The Java Heap base address is the
#     maximum limit for the native heap growth. Please use -XX:HeapBaseMinAddress
#     to set the Java Heap base and to place the Java Heap above 32GB virtual address.
# This output file may be truncated or incomplete.
#
#  Out of Memory Error (virtualSpaceNode.cpp:113), pid=39232, tid=39544
#
# JRE version: Java(TM) SE Runtime Environment (23.0+37) (build 23+37-2369)
# Java VM: Java HotSpot(TM) 64-Bit Server VM (23+37-2369, mixed mode, tiered, compressed oops, compressed class ptrs, g1 gc, windows-amd64)
# No core dump will be written. Minidumps are not enabled by default on client versions of Windows
#

---------------  S U M M A R Y ------------

Command Line: -Dfile.encoding=UTF-8 -Dstdout.encoding=UTF-8 -Dstderr.encoding=UTF-8 -XX:+ShowCodeDetailsInExceptionMessages university.management.system.TeacherLeave

Host: AMD Ryzen 7 5800H with Radeon Graphics         , 16 cores, 13G,  Windows 11 , 64 bit Build 22621 (10.0.22621.3958)
Time: Fri Oct 25 17:50:28 2024 SE Asia Standard Time elapsed time: 0.368965 seconds (0d 0h 0m 0s)

---------------  T H R E A D  ---------------

Current thread (0x000002daee5e26b0):  JavaThread "main"             [_thread_in_vm, id=39544, stack(0x000000f5b4500000,0x000000f5b4600000) (1024K)]

Stack: [0x000000f5b4500000,0x000000f5b4600000]
Native frames: (J=compiled Java code, j=interpreted, Vv=VM code, C=native code)
V  [jvm.dll+0x6e08a9]  (no source info available)
V  [jvm.dll+0x87da63]  (no source info available)
V  [jvm.dll+0x87feee]  (no source info available)
V  [jvm.dll+0x8805c3]  (no source info available)
V  [jvm.dll+0x27aee6]  (no source info available)
V  [jvm.dll+0x87966e]  (no source info available)
V  [jvm.dll+0x682025]  (no source info available)
V  [jvm.dll+0x68208a]  (no source info available)
V  [jvm.dll+0x6848ca]  (no source info available)
V  [jvm.dll+0x2219dc]  (no source info available)
V  [jvm.dll+0x682a3e]  (no source info available)
V  [jvm.dll+0x266336]  (no source info available)
V  [jvm.dll+0x2129b7]  (no source info available)
V  [jvm.dll+0x20811e]  (no source info available)
V  [jvm.dll+0x5be6df]  (no source info available)
V  [jvm.dll+0x219b2b]  (no source info available)
V  [jvm.dll+0x7f30c0]  (no source info available)
V  [jvm.dll+0x7f4166]  (no source info available)
V  [jvm.dll+0x7f4774]  (no source info available)
V  [jvm.dll+0x7f43f8]  (no source info available)
V  [jvm.dll+0x475079]  (no source info available)
V  [jvm.dll+0x47d109]  (no source info available)
C  [java.dll+0x13d1]  (no source info available)

Java frames: (J=compiled Java code, j=interpreted, Vv=VM code)
j  java.lang.Class.forName0(Ljava/lang/String;ZLjava/lang/ClassLoader;Ljava/lang/Class;)Ljava/lang/Class;+0 java.base@23
j  java.lang.Class.forName(Ljava/lang/String;ZLjava/lang/ClassLoader;Ljava/lang/Class;)Ljava/lang/Class;+37 java.base@23
j  java.lang.Class.forName(Ljava/lang/String;ZLjava/lang/ClassLoader;)Ljava/lang/Class;+20 java.base@23
j  jdk.internal.access.SharedSecrets.getJavaLangInvokeAccess()Ljdk/internal/access/JavaLangInvokeAccess;+12 java.base@23
j  jdk.internal.reflect.MethodHandleAccessorFactory$LazyStaticHolder.<clinit>()V+0 java.base@23
v  ~StubRoutines::call_stub 0x000002da87450fcd
j  jdk.internal.reflect.MethodHandleAccessorFactory.getDirectMethod(Ljava/lang/reflect/Method;Z)Ljava/lang/invoke/MethodHandle;+24 java.base@23
j  jdk.internal.reflect.MethodHandleAccessorFactory.newMethodAccessor(Ljava/lang/reflect/Method;Z)Ljdk/internal/reflect/MethodAccessorImpl;+41 java.base@23
j  jdk.internal.reflect.ReflectionFactory.newMethodAccessor(Ljava/lang/reflect/Method;Z)Ljdk/internal/reflect/MethodAccessor;+22 java.base@23
j  java.lang.reflect.Method.acquireMethodAccessor()Ljdk/internal/reflect/MethodAccessor;+38 java.base@23
j  java.lang.reflect.Method.invoke(Ljava/lang/Object;[Ljava/lang/Object;)Ljava/lang/Object;+75 java.base@23
j  java.lang.Class.getEnumConstantsShared()[Ljava/lang/Object;+49 java.base@23
j  java.lang.System$2.getEnumConstantsShared(Ljava/lang/Class;)[Ljava/lang/Enum;+1 java.base@23
j  java.util.EnumMap.getKeyUniverse(Ljava/lang/Class;)[Ljava/lang/Enum;+4 java.base@23
j  java.util.EnumMap.<init>(Ljava/lang/Class;)V+16 java.base@23
j  java.util.stream.StreamOpFlag.set(Ljava/util/stream/StreamOpFlag$Type;)Ljava/util/stream/StreamOpFlag$MaskBuilder;+10 java.base@23
j  java.util.stream.StreamOpFlag.<clinit>()V+11 java.base@23
v  ~StubRoutines::call_stub 0x000002da87450fcd
j  java.util.stream.StreamSupport.stream(Ljava/util/Spliterator;Z)Ljava/util/stream/Stream;+11 java.base@23
j  java.util.Collection.stream()Ljava/util/stream/Stream;+7 java.base@23
j  java.lang.ModuleLayer.layers(Ljava/lang/ClassLoader;)Ljava/util/stream/Stream;+16 java.base@23
j  java.lang.System$2.layers(Ljava/lang/ClassLoader;)Ljava/util/stream/Stream;+1 java.base@23
j  java.util.ServiceLoader$ModuleServicesLookupIterator.iteratorFor(Ljava/lang/ClassLoader;)Ljava/util/Iterator;+75 java.base@23
j  java.util.ServiceLoader$ModuleServicesLookupIterator.<init>(Ljava/util/ServiceLoader;)V+23 java.base@23
j  java.util.ServiceLoader.newLookupIterator()Ljava/util/Iterator;+49 java.base@23
j  java.util.ServiceLoader.iterator()Ljava/util/Iterator;+9 java.base@23
j  jdk.internal.logger.BootstrapLogger$DetectBackend$1.run()Ljdk/internal/logger/BootstrapLogger$LoggingBackend;+8 java.base@23
j  jdk.internal.logger.BootstrapLogger$DetectBackend$1.run()Ljava/lang/Object;+1 java.base@23
j  java.security.AccessController.executePrivileged(Ljava/security/PrivilegedAction;Ljava/security/AccessControlContext;Ljava/lang/Class;)Ljava/lang/Object;+29 java.base@23
j  java.security.AccessController.doPrivileged(Ljava/security/PrivilegedAction;)Ljava/lang/Object;+5 java.base@23
j  jdk.internal.logger.BootstrapLogger$DetectBackend.<clinit>()V+7 java.base@23
v  ~StubRoutines::call_stub 0x000002da87450fcd
j  jdk.internal.logger.BootstrapLogger.useLazyLoggers()Z+6 java.base@23
j  jdk.internal.logger.LazyLoggers.getLazyLogger(Ljava/lang/String;Ljava/lang/Module;)Ljava/lang/System$Logger;+0 java.base@23
j  sun.util.logging.PlatformLogger.getLogger(Ljava/lang/String;)Lsun/util/logging/PlatformLogger;+41 java.base@23
j  java.awt.Component.<clinit>()V+19 java.desktop@23
v  ~StubRoutines::call_stub 0x000002da87450fcd
Lock stack of current Java thread (top to bottom):
LockStack[0]: java.lang.Class 
{0x000000072fe27448} - klass: 'java/lang/Class'
 - ---- fields (total size 16 words):
 - private volatile transient 'classRedefinedCount' 'I' @12  0 (0x00000000)
 - injected 'klass' 'J' @16  3154904616 (0x00000000bc0c0628)
 - injected 'array_klass' 'J' @24  0 (0x0000000000000000)
 - injected 'oop_size' 'I' @32  16 (0x00000010)
 - injected 'static_oop_field_count' 'I' @36  2 (0x00000002)
 - private volatile transient 'cachedConstructor' 'Ljava/lang/reflect/Constructor;' @40  null (0x00000000)
 - private transient 'name' 'Ljava/lang/String;' @44  null (0x00000000)
 - private transient 'module' 'Ljava/lang/Module;' @48  a 'java/lang/Module'{0x0000000730067338} (0xe600ce67)
 - private final 'classLoader' 'Ljava/lang/ClassLoader;' @52  null (0x00000000)
 - private transient 'classData' 'Ljava/lang/Object;' @56  null (0x00000000)
 - private transient 'packageName' 'Ljava/lang/String;' @60  null (0x00000000)
 - private final 'componentType' 'Ljava/lang/Class;' @64  null (0x00000000)
 - private volatile transient 'reflectionData' 'Ljava/lang/ref/SoftReference;' @68  null (0x00000000)
 - private volatile transient 'genericInfo' 'Lsun/reflect/generics/repository/ClassRepository;' @72  null (0x00000000)
 - private volatile transient 'enumConstants' '[Ljava/lang/Object;' @76  null (0x00000000)
 - private volatile transient 'enumConstantDirectory' 'Ljava/util/Map;' @80  null (0x00000000)
 - private volatile transient 'annotationData' 'Ljava/lang/Class$AnnotationData;' @84  null (0x00000000)
 - private volatile transient 'annotationType' 'Lsun/reflect/annotation/AnnotationType;' @88  null (0x00000000)
 - transient 'classValueMap' 'Ljava/lang/ClassValue$ClassValueMap;' @92  null (0x00000000)
 - injected 'protection_domain' 'Ljava/lang/Object;' @96  null (0x00000000)
 - injected 'signers_name' 'Ljava/lang/Object;' @100  null (0x00000000)
 - injected 'source_file' 'Ljava/lang/Object;' @104  null (0x00000000)
 - signature: Lsun/util/logging/PlatformLogger;
 - ---- static fields (2):
 - private static final 'loggers' 'Ljava/util/Map;' @112  a 'java/util/HashMap'{0x000000072fe274d8} (0xe5fc4e9b)
 - private static final 'spi2platformLevelMapping' '[Lsun/util/logging/PlatformLogger$Level;' @116  a 'sun/util/logging/PlatformLogger$Level'[7] {0x000000072fe27648} (0xe5fc4ec9)
 - static final synthetic '$assertionsDisabled' 'Z' @120  true (0x01)


---------------  P R O C E S S  ---------------

Threads class SMR info:
_java_thread_list=0x000002da942080d0, length=12, elements={
0x000002daee5e26b0, 0x000002da9407f7c0, 0x000002da94067550, 0x000002da94073c70,
0x000002da94074e70, 0x000002da9406d5a0, 0x000002da9406bb60, 0x000002da94097fa0,
0x000002da9409cf20, 0x000002da941ec780, 0x000002da9406dc30, 0x000002da9406c880
}

Java Threads: ( => current thread )
=>0x000002daee5e26b0 JavaThread "main"                              [_thread_in_vm, id=39544, stack(0x000000f5b4500000,0x000000f5b4600000) (1024K)]
  0x000002da9407f7c0 JavaThread "Reference Handler"          daemon [_thread_blocked, id=34392, stack(0x000000f5b4d00000,0x000000f5b4e00000) (1024K)]
  0x000002da94067550 JavaThread "Finalizer"                  daemon [_thread_blocked, id=35940, stack(0x000000f5b4e00000,0x000000f5b4f00000) (1024K)]
  0x000002da94073c70 JavaThread "Signal Dispatcher"          daemon [_thread_blocked, id=40772, stack(0x000000f5b4f00000,0x000000f5b5000000) (1024K)]
  0x000002da94074e70 JavaThread "Attach Listener"            daemon [_thread_blocked, id=39464, stack(0x000000f5b5000000,0x000000f5b5100000) (1024K)]
  0x000002da9406d5a0 JavaThread "Service Thread"             daemon [_thread_blocked, id=40528, stack(0x000000f5b5100000,0x000000f5b5200000) (1024K)]
  0x000002da9406bb60 JavaThread "Monitor Deflation Thread"   daemon [_thread_blocked, id=40640, stack(0x000000f5b5200000,0x000000f5b5300000) (1024K)]
  0x000002da94097fa0 JavaThread "C2 CompilerThread0"         daemon [_thread_blocked, id=35580, stack(0x000000f5b5300000,0x000000f5b5400000) (1024K)]
  0x000002da9409cf20 JavaThread "C1 CompilerThread0"         daemon [_thread_blocked, id=40068, stack(0x000000f5b5400000,0x000000f5b5500000) (1024K)]
  0x000002da941ec780 JavaThread "C1 CompilerThread1"         daemon [_thread_blocked, id=4568, stack(0x000000f5b5500000,0x000000f5b5600000) (1024K)]
  0x000002da9406dc30 JavaThread "Notification Thread"        daemon [_thread_blocked, id=40852, stack(0x000000f5b5600000,0x000000f5b5700000) (1024K)]
  0x000002da9406c880 JavaThread "Common-Cleaner"             daemon [_thread_blocked, id=39364, stack(0x000000f5b5700000,0x000000f5b5800000) (1024K)]
Total: 12

Other Threads:
  0x000002da8fdbe1f0 VMThread "VM Thread"                           [id=14192, stack(0x000000f5b4c00000,0x000000f5b4d00000) (1024K)]
  0x000002da8fd494f0 WatcherThread "VM Periodic Task Thread"        [id=38780, stack(0x000000f5b4b00000,0x000000f5b4c00000) (1024K)]
  0x000002daf0939820 WorkerThread "GC Thread#0"                     [id=37980, stack(0x000000f5b4600000,0x000000f5b4700000) (1024K)]
  0x000002daf094c6f0 ConcurrentGCThread "G1 Main Marker"            [id=38960, stack(0x000000f5b4700000,0x000000f5b4800000) (1024K)]
  0x000002daf094d200 WorkerThread "G1 Conc#0"                       [id=39552, stack(0x000000f5b4800000,0x000000f5b4900000) (1024K)]
  0x000002daf099e930 ConcurrentGCThread "G1 Refine#0"               [id=30608, stack(0x000000f5b4900000,0x000000f5b4a00000) (1024K)]
  0x000002da8fc1c700 ConcurrentGCThread "G1 Service"                [id=39540, stack(0x000000f5b4a00000,0x000000f5b4b00000) (1024K)]
Total: 7

Threads with active compile tasks:
Total: 0

VM state: not at safepoint (normal execution)

VM Mutex/Monitor currently owned by a thread:  ([mutex/lock_event])
[0x00007ffea7811890] Metaspace_lock - owner thread: 0x000002daee5e26b0

Heap address: 0x0000000722400000, size: 3548 MB, Compressed Oops mode: Zero based, Oop shift amount: 3

CDS archive(s) not mapped
Compressed class space mapped at: 0x00000000bc000000-0x00000000fc000000, reserved size: 1073741824
Narrow klass base: 0x0000000000000000, Narrow klass shift: 0, Narrow klass range: 0xfc000000

GC Precious Log:
 CardTable entry size: 512
 Card Set container configuration: InlinePtr #cards 4 size 8 Array Of Cards #cards 16 size 48 Howl #buckets 8 coarsen threshold 3686 Howl Bitmap #cards 512 size 80 coarsen threshold 460 Card regions per heap region 1 cards per card region 4096
 CPUs: 16 total, 16 available
 Memory: 14188M
 Large Page Support: Disabled
 NUMA Support: Disabled
 Compressed Oops: Enabled (Zero based)
 Heap Region Size: 2M
 Heap Min Capacity: 8M
 Heap Initial Capacity: 222M
 Heap Max Capacity: 3548M
 Pre-touch: Disabled
 Parallel Workers: 13
 Concurrent Workers: 3
 Concurrent Refinement Workers: 13
 Periodic GC: Disabled

Heap:
 garbage-first heap   total reserved 3633152K, committed 227328K, used 2048K [0x0000000722400000, 0x0000000800000000)
  region size 2048K, 2 young (4096K), 0 survivors (0K)
 Metaspace       used 6127K, committed 6272K, reserved 1114112K
  class space    used 541K, committed 640K, reserved 1048576K

Heap Regions: E=young(eden), S=young(survivor), O=old, HS=humongous(starts), HC=humongous(continues), CS=collection set, F=free, TAMS=top-at-mark-start, PB=parsable bottom
|   0|0x0000000722400000, 0x0000000722400000, 0x0000000722600000|  0%| F|  |TAMS 0x0000000722400000| PB 0x0000000722400000| Untracked |  0
|   1|0x0000000722600000, 0x0000000722600000, 0x0000000722800000|  0%| F|  |TAMS 0x0000000722600000| PB 0x0000000722600000| Untracked |  0
|   2|0x0000000722800000, 0x0000000722800000, 0x0000000722a00000|  0%| F|  |TAMS 0x0000000722800000| PB 0x0000000722800000| Untracked |  0
|   3|0x0000000722a00000, 0x0000000722a00000, 0x0000000722c00000|  0%| F|  |TAMS 0x0000000722a00000| PB 0x0000000722a00000| Untracked |  0
|   4|0x0000000722c00000, 0x0000000722c00000, 0x0000000722e00000|  0%| F|  |TAMS 0x0000000722c00000| PB 0x0000000722c00000| Untracked |  0
|   5|0x0000000722e00000, 0x0000000722e00000, 0x0000000723000000|  0%| F|  |TAMS 0x0000000722e00000| PB 0x0000000722e00000| Untracked |  0
|   6|0x0000000723000000, 0x0000000723000000, 0x0000000723200000|  0%| F|  |TAMS 0x0000000723000000| PB 0x0000000723000000| Untracked |  0
|   7|0x0000000723200000, 0x0000000723200000, 0x0000000723400000|  0%| F|  |TAMS 0x0000000723200000| PB 0x0000000723200000| Untracked |  0
|   8|0x0000000723400000, 0x0000000723400000, 0x0000000723600000|  0%| F|  |TAMS 0x0000000723400000| PB 0x0000000723400000| Untracked |  0
|   9|0x0000000723600000, 0x0000000723600000, 0x0000000723800000|  0%| F|  |TAMS 0x0000000723600000| PB 0x0000000723600000| Untracked |  0
|  10|0x0000000723800000, 0x0000000723800000, 0x0000000723a00000|  0%| F|  |TAMS 0x0000000723800000| PB 0x0000000723800000| Untracked |  0
|  11|0x0000000723a00000, 0x0000000723a00000, 0x0000000723c00000|  0%| F|  |TAMS 0x0000000723a00000| PB 0x0000000723a00000| Untracked |  0
|  12|0x0000000723c00000, 0x0000000723c00000, 0x0000000723e00000|  0%| F|  |TAMS 0x0000000723c00000| PB 0x0000000723c00000| Untracked |  0
|  13|0x0000000723e00000, 0x0000000723e00000, 0x0000000724000000|  0%| F|  |TAMS 0x0000000723e00000| PB 0x0000000723e00000| Untracked |  0
|  14|0x0000000724000000, 0x0000000724000000, 0x0000000724200000|  0%| F|  |TAMS 0x0000000724000000| PB 0x0000000724000000| Untracked |  0
|  15|0x0000000724200000, 0x0000000724200000, 0x0000000724400000|  0%| F|  |TAMS 0x0000000724200000| PB 0x0000000724200000| Untracked |  0
|  16|0x0000000724400000, 0x0000000724400000, 0x0000000724600000|  0%| F|  |TAMS 0x0000000724400000| PB 0x0000000724400000| Untracked |  0
|  17|0x0000000724600000, 0x0000000724600000, 0x0000000724800000|  0%| F|  |TAMS 0x0000000724600000| PB 0x0000000724600000| Untracked |  0
|  18|0x0000000724800000, 0x0000000724800000, 0x0000000724a00000|  0%| F|  |TAMS 0x0000000724800000| PB 0x0000000724800000| Untracked |  0
|  19|0x0000000724a00000, 0x0000000724a00000, 0x0000000724c00000|  0%| F|  |TAMS 0x0000000724a00000| PB 0x0000000724a00000| Untracked |  0
|  20|0x0000000724c00000, 0x0000000724c00000, 0x0000000724e00000|  0%| F|  |TAMS 0x0000000724c00000| PB 0x0000000724c00000| Untracked |  0
|  21|0x0000000724e00000, 0x0000000724e00000, 0x0000000725000000|  0%| F|  |TAMS 0x0000000724e00000| PB 0x0000000724e00000| Untracked |  0
|  22|0x0000000725000000, 0x0000000725000000, 0x0000000725200000|  0%| F|  |TAMS 0x0000000725000000| PB 0x0000000725000000| Untracked |  0
|  23|0x0000000725200000, 0x0000000725200000, 0x0000000725400000|  0%| F|  |TAMS 0x0000000725200000| PB 0x0000000725200000| Untracked |  0
|  24|0x0000000725400000, 0x0000000725400000, 0x0000000725600000|  0%| F|  |TAMS 0x0000000725400000| PB 0x0000000725400000| Untracked |  0
|  25|0x0000000725600000, 0x0000000725600000, 0x0000000725800000|  0%| F|  |TAMS 0x0000000725600000| PB 0x0000000725600000| Untracked |  0
|  26|0x0000000725800000, 0x0000000725800000, 0x0000000725a00000|  0%| F|  |TAMS 0x0000000725800000| PB 0x0000000725800000| Untracked |  0
|  27|0x0000000725a00000, 0x0000000725a00000, 0x0000000725c00000|  0%| F|  |TAMS 0x0000000725a00000| PB 0x0000000725a00000| Untracked |  0
|  28|0x0000000725c00000, 0x0000000725c00000, 0x0000000725e00000|  0%| F|  |TAMS 0x0000000725c00000| PB 0x0000000725c00000| Untracked |  0
|  29|0x0000000725e00000, 0x0000000725e00000, 0x0000000726000000|  0%| F|  |TAMS 0x0000000725e00000| PB 0x0000000725e00000| Untracked |  0
|  30|0x0000000726000000, 0x0000000726000000, 0x0000000726200000|  0%| F|  |TAMS 0x0000000726000000| PB 0x0000000726000000| Untracked |  0
|  31|0x0000000726200000, 0x0000000726200000, 0x0000000726400000|  0%| F|  |TAMS 0x0000000726200000| PB 0x0000000726200000| Untracked |  0
|  32|0x0000000726400000, 0x0000000726400000, 0x0000000726600000|  0%| F|  |TAMS 0x0000000726400000| PB 0x0000000726400000| Untracked |  0
|  33|0x0000000726600000, 0x0000000726600000, 0x0000000726800000|  0%| F|  |TAMS 0x0000000726600000| PB 0x0000000726600000| Untracked |  0
|  34|0x0000000726800000, 0x0000000726800000, 0x0000000726a00000|  0%| F|  |TAMS 0x0000000726800000| PB 0x0000000726800000| Untracked |  0
|  35|0x0000000726a00000, 0x0000000726a00000, 0x0000000726c00000|  0%| F|  |TAMS 0x0000000726a00000| PB 0x0000000726a00000| Untracked |  0
|  36|0x0000000726c00000, 0x0000000726c00000, 0x0000000726e00000|  0%| F|  |TAMS 0x0000000726c00000| PB 0x0000000726c00000| Untracked |  0
|  37|0x0000000726e00000, 0x0000000726e00000, 0x0000000727000000|  0%| F|  |TAMS 0x0000000726e00000| PB 0x0000000726e00000| Untracked |  0
|  38|0x0000000727000000, 0x0000000727000000, 0x0000000727200000|  0%| F|  |TAMS 0x0000000727000000| PB 0x0000000727000000| Untracked |  0
|  39|0x0000000727200000, 0x0000000727200000, 0x0000000727400000|  0%| F|  |TAMS 0x0000000727200000| PB 0x0000000727200000| Untracked |  0
|  40|0x0000000727400000, 0x0000000727400000, 0x0000000727600000|  0%| F|  |TAMS 0x0000000727400000| PB 0x0000000727400000| Untracked |  0
|  41|0x0000000727600000, 0x0000000727600000, 0x0000000727800000|  0%| F|  |TAMS 0x0000000727600000| PB 0x0000000727600000| Untracked |  0
|  42|0x0000000727800000, 0x0000000727800000, 0x0000000727a00000|  0%| F|  |TAMS 0x0000000727800000| PB 0x0000000727800000| Untracked |  0
|  43|0x0000000727a00000, 0x0000000727a00000, 0x0000000727c00000|  0%| F|  |TAMS 0x0000000727a00000| PB 0x0000000727a00000| Untracked |  0
|  44|0x0000000727c00000, 0x0000000727c00000, 0x0000000727e00000|  0%| F|  |TAMS 0x0000000727c00000| PB 0x0000000727c00000| Untracked |  0
|  45|0x0000000727e00000, 0x0000000727e00000, 0x0000000728000000|  0%| F|  |TAMS 0x0000000727e00000| PB 0x0000000727e00000| Untracked |  0
|  46|0x0000000728000000, 0x0000000728000000, 0x0000000728200000|  0%| F|  |TAMS 0x0000000728000000| PB 0x0000000728000000| Untracked |  0
|  47|0x0000000728200000, 0x0000000728200000, 0x0000000728400000|  0%| F|  |TAMS 0x0000000728200000| PB 0x0000000728200000| Untracked |  0
|  48|0x0000000728400000, 0x0000000728400000, 0x0000000728600000|  0%| F|  |TAMS 0x0000000728400000| PB 0x0000000728400000| Untracked |  0
|  49|0x0000000728600000, 0x0000000728600000, 0x0000000728800000|  0%| F|  |TAMS 0x0000000728600000| PB 0x0000000728600000| Untracked |  0
|  50|0x0000000728800000, 0x0000000728800000, 0x0000000728a00000|  0%| F|  |TAMS 0x0000000728800000| PB 0x0000000728800000| Untracked |  0
|  51|0x0000000728a00000, 0x0000000728a00000, 0x0000000728c00000|  0%| F|  |TAMS 0x0000000728a00000| PB 0x0000000728a00000| Untracked |  0
|  52|0x0000000728c00000, 0x0000000728c00000, 0x0000000728e00000|  0%| F|  |TAMS 0x0000000728c00000| PB 0x0000000728c00000| Untracked |  0
|  53|0x0000000728e00000, 0x0000000728e00000, 0x0000000729000000|  0%| F|  |TAMS 0x0000000728e00000| PB 0x0000000728e00000| Untracked |  0
|  54|0x0000000729000000, 0x0000000729000000, 0x0000000729200000|  0%| F|  |TAMS 0x0000000729000000| PB 0x0000000729000000| Untracked |  0
|  55|0x0000000729200000, 0x0000000729200000, 0x0000000729400000|  0%| F|  |TAMS 0x0000000729200000| PB 0x0000000729200000| Untracked |  0
|  56|0x0000000729400000, 0x0000000729400000, 0x0000000729600000|  0%| F|  |TAMS 0x0000000729400000| PB 0x0000000729400000| Untracked |  0
|  57|0x0000000729600000, 0x0000000729600000, 0x0000000729800000|  0%| F|  |TAMS 0x0000000729600000| PB 0x0000000729600000| Untracked |  0
|  58|0x0000000729800000, 0x0000000729800000, 0x0000000729a00000|  0%| F|  |TAMS 0x0000000729800000| PB 0x0000000729800000| Untracked |  0
|  59|0x0000000729a00000, 0x0000000729a00000, 0x0000000729c00000|  0%| F|  |TAMS 0x0000000729a00000| PB 0x0000000729a00000| Untracked |  0
|  60|0x0000000729c00000, 0x0000000729c00000, 0x0000000729e00000|  0%| F|  |TAMS 0x0000000729c00000| PB 0x0000000729c00000| Untracked |  0
|  61|0x0000000729e00000, 0x0000000729e00000, 0x000000072a000000|  0%| F|  |TAMS 0x0000000729e00000| PB 0x0000000729e00000| Untracked |  0
|  62|0x000000072a000000, 0x000000072a000000, 0x000000072a200000|  0%| F|  |TAMS 0x000000072a000000| PB 0x000000072a000000| Untracked |  0
|  63|0x000000072a200000, 0x000000072a200000, 0x000000072a400000|  0%| F|  |TAMS 0x000000072a200000| PB 0x000000072a200000| Untracked |  0
|  64|0x000000072a400000, 0x000000072a400000, 0x000000072a600000|  0%| F|  |TAMS 0x000000072a400000| PB 0x000000072a400000| Untracked |  0
|  65|0x000000072a600000, 0x000000072a600000, 0x000000072a800000|  0%| F|  |TAMS 0x000000072a600000| PB 0x000000072a600000| Untracked |  0
|  66|0x000000072a800000, 0x000000072a800000, 0x000000072aa00000|  0%| F|  |TAMS 0x000000072a800000| PB 0x000000072a800000| Untracked |  0
|  67|0x000000072aa00000, 0x000000072aa00000, 0x000000072ac00000|  0%| F|  |TAMS 0x000000072aa00000| PB 0x000000072aa00000| Untracked |  0
|  68|0x000000072ac00000, 0x000000072ac00000, 0x000000072ae00000|  0%| F|  |TAMS 0x000000072ac00000| PB 0x000000072ac00000| Untracked |  0
|  69|0x000000072ae00000, 0x000000072ae00000, 0x000000072b000000|  0%| F|  |TAMS 0x000000072ae00000| PB 0x000000072ae00000| Untracked |  0
|  70|0x000000072b000000, 0x000000072b000000, 0x000000072b200000|  0%| F|  |TAMS 0x000000072b000000| PB 0x000000072b000000| Untracked |  0
|  71|0x000000072b200000, 0x000000072b200000, 0x000000072b400000|  0%| F|  |TAMS 0x000000072b200000| PB 0x000000072b200000| Untracked |  0
|  72|0x000000072b400000, 0x000000072b400000, 0x000000072b600000|  0%| F|  |TAMS 0x000000072b400000| PB 0x000000072b400000| Untracked |  0
|  73|0x000000072b600000, 0x000000072b600000, 0x000000072b800000|  0%| F|  |TAMS 0x000000072b600000| PB 0x000000072b600000| Untracked |  0
|  74|0x000000072b800000, 0x000000072b800000, 0x000000072ba00000|  0%| F|  |TAMS 0x000000072b800000| PB 0x000000072b800000| Untracked |  0
|  75|0x000000072ba00000, 0x000000072ba00000, 0x000000072bc00000|  0%| F|  |TAMS 0x000000072ba00000| PB 0x000000072ba00000| Untracked |  0
|  76|0x000000072bc00000, 0x000000072bc00000, 0x000000072be00000|  0%| F|  |TAMS 0x000000072bc00000| PB 0x000000072bc00000| Untracked |  0
|  77|0x000000072be00000, 0x000000072be00000, 0x000000072c000000|  0%| F|  |TAMS 0x000000072be00000| PB 0x000000072be00000| Untracked |  0
|  78|0x000000072c000000, 0x000000072c000000, 0x000000072c200000|  0%| F|  |TAMS 0x000000072c000000| PB 0x000000072c000000| Untracked |  0
|  79|0x000000072c200000, 0x000000072c200000, 0x000000072c400000|  0%| F|  |TAMS 0x000000072c200000| PB 0x000000072c200000| Untracked |  0
|  80|0x000000072c400000, 0x000000072c400000, 0x000000072c600000|  0%| F|  |TAMS 0x000000072c400000| PB 0x000000072c400000| Untracked |  0
|  81|0x000000072c600000, 0x000000072c600000, 0x000000072c800000|  0%| F|  |TAMS 0x000000072c600000| PB 0x000000072c600000| Untracked |  0
|  82|0x000000072c800000, 0x000000072c800000, 0x000000072ca00000|  0%| F|  |TAMS 0x000000072c800000| PB 0x000000072c800000| Untracked |  0
|  83|0x000000072ca00000, 0x000000072ca00000, 0x000000072cc00000|  0%| F|  |TAMS 0x000000072ca00000| PB 0x000000072ca00000| Untracked |  0
|  84|0x000000072cc00000, 0x000000072cc00000, 0x000000072ce00000|  0%| F|  |TAMS 0x000000072cc00000| PB 0x000000072cc00000| Untracked |  0
|  85|0x000000072ce00000, 0x000000072ce00000, 0x000000072d000000|  0%| F|  |TAMS 0x000000072ce00000| PB 0x000000072ce00000| Untracked |  0
|  86|0x000000072d000000, 0x000000072d000000, 0x000000072d200000|  0%| F|  |TAMS 0x000000072d000000| PB 0x000000072d000000| Untracked |  0
|  87|0x000000072d200000, 0x000000072d200000, 0x000000072d400000|  0%| F|  |TAMS 0x000000072d200000| PB 0x000000072d200000| Untracked |  0
|  88|0x000000072d400000, 0x000000072d400000, 0x000000072d600000|  0%| F|  |TAMS 0x000000072d400000| PB 0x000000072d400000| Untracked |  0
|  89|0x000000072d600000, 0x000000072d600000, 0x000000072d800000|  0%| F|  |TAMS 0x000000072d600000| PB 0x000000072d600000| Untracked |  0
|  90|0x000000072d800000, 0x000000072d800000, 0x000000072da00000|  0%| F|  |TAMS 0x000000072d800000| PB 0x000000072d800000| Untracked |  0
|  91|0x000000072da00000, 0x000000072da00000, 0x000000072dc00000|  0%| F|  |TAMS 0x000000072da00000| PB 0x000000072da00000| Untracked |  0
|  92|0x000000072dc00000, 0x000000072dc00000, 0x000000072de00000|  0%| F|  |TAMS 0x000000072dc00000| PB 0x000000072dc00000| Untracked |  0
|  93|0x000000072de00000, 0x000000072de00000, 0x000000072e000000|  0%| F|  |TAMS 0x000000072de00000| PB 0x000000072de00000| Untracked |  0
|  94|0x000000072e000000, 0x000000072e000000, 0x000000072e200000|  0%| F|  |TAMS 0x000000072e000000| PB 0x000000072e000000| Untracked |  0
|  95|0x000000072e200000, 0x000000072e200000, 0x000000072e400000|  0%| F|  |TAMS 0x000000072e200000| PB 0x000000072e200000| Untracked |  0
|  96|0x000000072e400000, 0x000000072e400000, 0x000000072e600000|  0%| F|  |TAMS 0x000000072e400000| PB 0x000000072e400000| Untracked |  0
|  97|0x000000072e600000, 0x000000072e600000, 0x000000072e800000|  0%| F|  |TAMS 0x000000072e600000| PB 0x000000072e600000| Untracked |  0
|  98|0x000000072e800000, 0x000000072e800000, 0x000000072ea00000|  0%| F|  |TAMS 0x000000072e800000| PB 0x000000072e800000| Untracked |  0
|  99|0x000000072ea00000, 0x000000072ea00000, 0x000000072ec00000|  0%| F|  |TAMS 0x000000072ea00000| PB 0x000000072ea00000| Untracked |  0
| 100|0x000000072ec00000, 0x000000072ec00000, 0x000000072ee00000|  0%| F|  |TAMS 0x000000072ec00000| PB 0x000000072ec00000| Untracked |  0
| 101|0x000000072ee00000, 0x000000072ee00000, 0x000000072f000000|  0%| F|  |TAMS 0x000000072ee00000| PB 0x000000072ee00000| Untracked |  0
| 102|0x000000072f000000, 0x000000072f000000, 0x000000072f200000|  0%| F|  |TAMS 0x000000072f000000| PB 0x000000072f000000| Untracked |  0
| 103|0x000000072f200000, 0x000000072f200000, 0x000000072f400000|  0%| F|  |TAMS 0x000000072f200000| PB 0x000000072f200000| Untracked |  0
| 104|0x000000072f400000, 0x000000072f400000, 0x000000072f600000|  0%| F|  |TAMS 0x000000072f400000| PB 0x000000072f400000| Untracked |  0
| 105|0x000000072f600000, 0x000000072f600000, 0x000000072f800000|  0%| F|  |TAMS 0x000000072f600000| PB 0x000000072f600000| Untracked |  0
| 106|0x000000072f800000, 0x000000072f800000, 0x000000072fa00000|  0%| F|  |TAMS 0x000000072f800000| PB 0x000000072f800000| Untracked |  0
| 107|0x000000072fa00000, 0x000000072fa00000, 0x000000072fc00000|  0%| F|  |TAMS 0x000000072fa00000| PB 0x000000072fa00000| Untracked |  0
| 108|0x000000072fc00000, 0x000000072fc00000, 0x000000072fe00000|  0%| F|  |TAMS 0x000000072fc00000| PB 0x000000072fc00000| Untracked |  0
| 109|0x000000072fe00000, 0x000000072fef5d08, 0x0000000730000000| 48%| E|  |TAMS 0x000000072fe00000| PB 0x000000072fe00000| Complete |  0
| 110|0x0000000730000000, 0x0000000730200000, 0x0000000730200000|100%| E|CS|TAMS 0x0000000730000000| PB 0x0000000730000000| Complete |  0

Card table byte_map: [0x000002daf9f80000,0x000002dafa670000] _byte_map_base: 0x000002daf666e000

Marking Bits: (CMBitMap*) 0x000002daf0939f30
 Bits: [0x000002dafa670000, 0x000002dafdde0000)

Polling page: 0x000002daee7b0000

Metaspace:

Usage:
  Non-class:      5.45 MB used.
      Class:    541.96 KB used.
       Both:      5.98 MB used.

Virtual space:
  Non-class space:       64.00 MB reserved,       5.50 MB (  9%) committed,  1 nodes.
      Class space:        1.00 GB reserved,     640.00 KB ( <1%) committed,  1 nodes.
             Both:        1.06 GB reserved,       6.12 MB ( <1%) committed. 

Chunk freelists:
   Non-Class:  10.48 MB
       Class:  15.25 MB
        Both:  25.73 MB

MaxMetaspaceSize: unlimited
CompressedClassSpaceSize: 1.00 GB
Initial GC threshold: 21.00 MB
Current GC threshold: 21.00 MB
CDS: off
 - commit_granule_bytes: 65536.
 - commit_granule_words: 8192.
 - virtual_space_node_default_size: 8388608.
 - enlarge_chunks_in_place: 1.
 - use_allocation_guard: 0.


Internal statistics:

num_allocs_failed_limit: 0.
num_arena_births: 4.
num_arena_deaths: 0.
num_vsnodes_births: 2.
num_vsnodes_deaths: 0.
num_space_committed: 98.
num_space_uncommitted: 0.
num_chunks_returned_to_freelist: 0.
num_chunks_taken_from_freelist: 15.
num_chunk_merges: 0.
num_chunk_splits: 6.
num_chunks_enlarged: 2.
num_inconsistent_stats: 0.

CodeHeap 'non-profiled nmethods': size=119232Kb used=19Kb max_used=19Kb free=119212Kb
 bounds [0x000002da87b90000, 0x000002da87e00000, 0x000002da8f000000]
CodeHeap 'profiled nmethods': size=119104Kb used=94Kb max_used=94Kb free=119009Kb
 bounds [0x000002da80000000, 0x000002da80270000, 0x000002da87450000]
CodeHeap 'non-nmethods': size=7424Kb used=1780Kb max_used=1780Kb free=5643Kb
 bounds [0x000002da87450000, 0x000002da876c0000, 0x000002da87b90000]
CodeCache: size=245760Kb, used=1893Kb, max_used=1893Kb, free=243864Kb
 total_blobs=450, nmethods=101, adapters=254, full_count=0
Compilation: enabled, stopped_count=0, restarted_count=0

Compilation events (20 events):
Event: 0.341 Thread 0x000002da9409cf20   92       3       java.lang.StringLatin1::canEncode (17 bytes)
Event: 0.341 Thread 0x000002da941ec780   93       3       java.lang.StringLatin1::indexOf (17 bytes)
Event: 0.341 Thread 0x000002da9409cf20 nmethod 92 0x000002da80014688 code [0x000002da800147a0, 0x000002da80014908]
Event: 0.341 Thread 0x000002da9409cf20   94       3       java.lang.String::indexOf (41 bytes)
Event: 0.341 Thread 0x000002da941ec780 nmethod 93 0x000002da80014988 code [0x000002da80014ac0, 0x000002da80014e30]
Event: 0.341 Thread 0x000002da9409cf20 nmethod 94 0x000002da80014e88 code [0x000002da80015000, 0x000002da800155f0]
Event: 0.349 Thread 0x000002da9409cf20   95       3       java.util.zip.ZipUtils::SH (21 bytes)
Event: 0.349 Thread 0x000002da9409cf20 nmethod 95 0x000002da80015688 code [0x000002da800157a0, 0x000002da800158e8]
Event: 0.349 Thread 0x000002da941ec780   96       3       java.util.zip.ZipUtils::LG (22 bytes)
Event: 0.349 Thread 0x000002da94097fa0   97       4       java.util.zip.ZipUtils::SH (21 bytes)
Event: 0.349 Thread 0x000002da9409cf20   98       3       java.lang.StringCoding::countPositives (33 bytes)
Event: 0.349 Thread 0x000002da941ec780 nmethod 96 0x000002da80015988 code [0x000002da80015ac0, 0x000002da80015d30]
Event: 0.349 Thread 0x000002da9409cf20 nmethod 98 0x000002da80015d88 code [0x000002da80015ec0, 0x000002da800160d8]
Event: 0.350 Thread 0x000002da94097fa0 nmethod 97 0x000002da87b94c08 code [0x000002da87b94d00, 0x000002da87b94de0]
Event: 0.351 Thread 0x000002da9409cf20   99       3       java.util.HashMap::resize (356 bytes)
Event: 0.352 Thread 0x000002da9409cf20 nmethod 99 0x000002da80016108 code [0x000002da80016320, 0x000002da80017550]
Event: 0.357 Thread 0x000002da9409cf20  100       3       java.lang.Math::max (11 bytes)
Event: 0.357 Thread 0x000002da9409cf20 nmethod 100 0x000002da80017588 code [0x000002da800176a0, 0x000002da800177d0]
Event: 0.359 Thread 0x000002da9409cf20  101       3       java.util.HashMap::get (19 bytes)
Event: 0.359 Thread 0x000002da9409cf20 nmethod 101 0x000002da80017888 code [0x000002da800179c0, 0x000002da80017b70]

GC Heap History (0 events):
No events

Dll operation events (5 events):
Event: 0.006 Loaded shared library C:\Program Files\Java\jdk-23\bin\java.dll
Event: 0.289 Loaded shared library C:\Program Files\Java\jdk-23\bin\jsvml.dll
Event: 0.346 Loaded shared library C:\Program Files\Java\jdk-23\bin\net.dll
Event: 0.347 Loaded shared library C:\Program Files\Java\jdk-23\bin\nio.dll
Event: 0.356 Loaded shared library C:\Program Files\Java\jdk-23\bin\zip.dll

Deoptimization events (0 events):
No events

Classes loaded (20 events):
Event: 0.367 Loading class java/util/EnumMap done
Event: 0.367 Loading class java/util/EnumMap$1
Event: 0.367 Loading class java/util/EnumMap$1 done
Event: 0.367 Loading class java/lang/Class$3
Event: 0.367 Loading class java/lang/Class$3 done
Event: 0.367 Loading class sun/reflect/annotation/AnnotationParser
Event: 0.367 Loading class sun/reflect/annotation/AnnotationParser done
Event: 0.367 Loading class java/lang/invoke/MethodType$1
Event: 0.367 Loading class java/lang/invoke/MethodType$1 done
Event: 0.367 Loading class jdk/internal/util/StrongReferenceKey
Event: 0.367 Loading class jdk/internal/util/ReferenceKey
Event: 0.367 Loading class jdk/internal/util/ReferenceKey done
Event: 0.367 Loading class jdk/internal/util/StrongReferenceKey done
Event: 0.367 Loading class java/lang/invoke/MethodTypeForm
Event: 0.368 Loading class java/lang/invoke/MethodTypeForm done
Event: 0.368 Loading class jdk/internal/util/WeakReferenceKey
Event: 0.368 Loading class jdk/internal/util/WeakReferenceKey done
Event: 0.368 Loading class jdk/internal/reflect/MethodHandleAccessorFactory$LazyStaticHolder
Event: 0.368 Loading class jdk/internal/reflect/MethodHandleAccessorFactory$LazyStaticHolder done
Event: 0.368 Loading class java/lang/invoke/MethodHandleImpl

Classes unloaded (0 events):
No events

Classes redefined (0 events):
No events

Internal exceptions (0 events):
No events

VM Operations (2 events):
Event: 0.358 Executing VM operation: HandshakeAllThreads (Deoptimize)
Event: 0.358 Executing VM operation: HandshakeAllThreads (Deoptimize) done

Memory protections (0 events):
No events

Nmethod flushes (0 events):
No events

Events (12 events):
Event: 0.224 Thread 0x000002daee5e26b0 Thread added: 0x000002daee5e26b0
Event: 0.287 Thread 0x000002daee5e26b0 Thread added: 0x000002da9407f7c0
Event: 0.287 Thread 0x000002daee5e26b0 Thread added: 0x000002da94067550
Event: 0.288 Thread 0x000002daee5e26b0 Thread added: 0x000002da94073c70
Event: 0.288 Thread 0x000002daee5e26b0 Thread added: 0x000002da94074e70
Event: 0.288 Thread 0x000002daee5e26b0 Thread added: 0x000002da9406d5a0
Event: 0.288 Thread 0x000002daee5e26b0 Thread added: 0x000002da9406bb60
Event: 0.288 Thread 0x000002daee5e26b0 Thread added: 0x000002da94097fa0
Event: 0.288 Thread 0x000002daee5e26b0 Thread added: 0x000002da9409cf20
Event: 0.318 Thread 0x000002da9409cf20 Thread added: 0x000002da941ec780
Event: 0.322 Thread 0x000002daee5e26b0 Thread added: 0x000002da9406dc30
Event: 0.329 Thread 0x000002daee5e26b0 Thread added: 0x000002da9406c880


Dynamic libraries:
0x00007ff74a640000 - 0x00007ff74a650000 	C:\Program Files\Java\jdk-23\bin\javaw.exe
0x00007ffef3a30000 - 0x00007ffef3c47000 	C:\WINDOWS\SYSTEM32\ntdll.dll
0x00007ffef1c80000 - 0x00007ffef1d44000 	C:\WINDOWS\System32\KERNEL32.DLL
0x00007ffef0d40000 - 0x00007ffef10f7000 	C:\WINDOWS\System32\KERNELBASE.dll
0x00007ffef11a0000 - 0x00007ffef12b1000 	C:\WINDOWS\System32\ucrtbase.dll
0x00007ffee0390000 - 0x00007ffee03a7000 	C:\Program Files\Java\jdk-23\bin\jli.dll
0x00007ffeed940000 - 0x00007ffeed95b000 	C:\Program Files\Java\jdk-23\bin\VCRUNTIME140.dll
0x00007ffef1980000 - 0x00007ffef1b2f000 	C:\WINDOWS\System32\USER32.dll
0x00007ffef1100000 - 0x00007ffef1126000 	C:\WINDOWS\System32\win32u.dll
0x00007ffedddd0000 - 0x00007ffede063000 	C:\WINDOWS\WinSxS\amd64_microsoft.windows.common-controls_6595b64144ccf1df_6.0.22621.3672_none_2713b9d173822955\COMCTL32.dll
0x00007ffef1b50000 - 0x00007ffef1b79000 	C:\WINDOWS\System32\GDI32.dll
0x00007ffef33f0000 - 0x00007ffef3497000 	C:\WINDOWS\System32\msvcrt.dll
0x00007ffef12c0000 - 0x00007ffef13d8000 	C:\WINDOWS\System32\gdi32full.dll
0x00007ffef14d0000 - 0x00007ffef156a000 	C:\WINDOWS\System32\msvcp_win.dll
0x00007ffef2920000 - 0x00007ffef2951000 	C:\WINDOWS\System32\IMM32.DLL
0x00007ffeed930000 - 0x00007ffeed93c000 	C:\Program Files\Java\jdk-23\bin\vcruntime140_1.dll
0x00007ffee0300000 - 0x00007ffee038e000 	C:\Program Files\Java\jdk-23\bin\msvcp140.dll
0x00007ffea6ba0000 - 0x00007ffea78ef000 	C:\Program Files\Java\jdk-23\bin\server\jvm.dll
0x00007ffef27c0000 - 0x00007ffef2872000 	C:\WINDOWS\System32\ADVAPI32.dll
0x00007ffef25c0000 - 0x00007ffef2668000 	C:\WINDOWS\System32\sechost.dll
0x00007ffef13e0000 - 0x00007ffef1408000 	C:\WINDOWS\System32\bcrypt.dll
0x00007ffef3580000 - 0x00007ffef3694000 	C:\WINDOWS\System32\RPCRT4.dll
0x00007ffef26c0000 - 0x00007ffef2731000 	C:\WINDOWS\System32\WS2_32.dll
0x00007ffeefbf0000 - 0x00007ffeefc3d000 	C:\WINDOWS\SYSTEM32\POWRPROF.dll
0x00007ffeeadd0000 - 0x00007ffeeae04000 	C:\WINDOWS\SYSTEM32\WINMM.dll
0x00007ffeea4c0000 - 0x00007ffeea4ca000 	C:\WINDOWS\SYSTEM32\VERSION.dll
0x00007ffeefbd0000 - 0x00007ffeefbe3000 	C:\WINDOWS\SYSTEM32\UMPDC.dll
0x00007ffeefe80000 - 0x00007ffeefe98000 	C:\WINDOWS\SYSTEM32\kernel.appcore.dll
0x00007ffee02f0000 - 0x00007ffee02fa000 	C:\Program Files\Java\jdk-23\bin\jimage.dll
0x00007ffeee760000 - 0x00007ffeee992000 	C:\WINDOWS\SYSTEM32\DBGHELP.DLL
0x00007ffef2970000 - 0x00007ffef2cfe000 	C:\WINDOWS\System32\combase.dll
0x00007ffef34a0000 - 0x00007ffef3577000 	C:\WINDOWS\System32\OLEAUT32.dll
0x00007ffee80e0000 - 0x00007ffee8112000 	C:\WINDOWS\SYSTEM32\dbgcore.DLL
0x00007ffef1570000 - 0x00007ffef15eb000 	C:\WINDOWS\System32\bcryptPrimitives.dll
0x00007ffee02d0000 - 0x00007ffee02ee000 	C:\Program Files\Java\jdk-23\bin\java.dll
0x00007ffef2d00000 - 0x00007ffef2ea5000 	C:\WINDOWS\System32\ole32.dll
0x00007ffef1d50000 - 0x00007ffef25b9000 	C:\WINDOWS\System32\SHELL32.dll
0x00007ffeeecc0000 - 0x00007ffeef5bf000 	C:\WINDOWS\SYSTEM32\windows.storage.dll
0x00007ffeeeb80000 - 0x00007ffeeecbf000 	C:\WINDOWS\SYSTEM32\wintypes.dll
0x00007ffef1b80000 - 0x00007ffef1c79000 	C:\WINDOWS\System32\SHCORE.dll
0x00007ffef28b0000 - 0x00007ffef290e000 	C:\WINDOWS\System32\shlwapi.dll
0x00007ffef0c70000 - 0x00007ffef0c97000 	C:\WINDOWS\SYSTEM32\profapi.dll
0x00007ffeb8080000 - 0x00007ffeb8157000 	C:\Program Files\Java\jdk-23\bin\jsvml.dll
0x00007ffee02c0000 - 0x00007ffee02d0000 	C:\Program Files\Java\jdk-23\bin\net.dll
0x00007ffef02f0000 - 0x00007ffef0359000 	C:\WINDOWS\system32\mswsock.dll
0x00007ffee02a0000 - 0x00007ffee02b6000 	C:\Program Files\Java\jdk-23\bin\nio.dll
0x00007ffee00c0000 - 0x00007ffee00d7000 	C:\Program Files\Java\jdk-23\bin\zip.dll

dbghelp: loaded successfully - version: 4.0.5 - missing functions: none
symbol engine: initialized successfully - sym options: 0x614 - pdb path: .;C:\Program Files\Java\jdk-23\bin;C:\WINDOWS\SYSTEM32;C:\WINDOWS\WinSxS\amd64_microsoft.windows.common-controls_6595b64144ccf1df_6.0.22621.3672_none_2713b9d173822955;C:\Program Files\Java\jdk-23\bin\server

VM Arguments:
jvm_args: -Dfile.encoding=UTF-8 -Dstdout.encoding=UTF-8 -Dstderr.encoding=UTF-8 -XX:+ShowCodeDetailsInExceptionMessages 
java_command: university.management.system.TeacherLeave
java_class_path (initial): C:\Users\PHUCDAI\OneDrive\Máy tính\javaProject\University-Management-System\bin;C:\Users\PHUCDAI\OneDrive\Máy tính\javaProject\University-Management-System\jcalendar-tz-1.3.3-4.jar;C:\Users\PHUCDAI\OneDrive\Máy tính\javaProject\University-Management-System\mysql-connector-java-8.0.28.jar;C:\Users\PHUCDAI\OneDrive\Máy tính\javaProject\University-Management-System\ResultSet2xml.jar;C:\Users\PHUCDAI\OneDrive\Máy tính\javaProject\University-Management-System\com.jgoodies.common_1.8.1.v20240327-0800.jar;C:\Users\PHUCDAI\OneDrive\Máy tính\javaProject\University-Management-System\com.jgoodies.forms_1.9.0.v20240327-0800.jar
Launcher Type: SUN_STANDARD

[Global flags]
     intx CICompilerCount                          = 12                                        {product} {ergonomic}
     uint ConcGCThreads                            = 3                                         {product} {ergonomic}
     uint G1ConcRefinementThreads                  = 13                                        {product} {ergonomic}
   size_t G1HeapRegionSize                         = 2097152                                   {product} {ergonomic}
   size_t InitialHeapSize                          = 232783872                                 {product} {ergonomic}
   size_t MarkStackSize                            = 4194304                                   {product} {ergonomic}
   size_t MarkStackSizeMax                         = 536870912                                 {product} {ergonomic}
   size_t MaxHeapSize                              = 3720347648                                {product} {ergonomic}
   size_t MaxNewSize                               = 2231369728                                {product} {ergonomic}
   size_t MinHeapDeltaBytes                        = 2097152                                   {product} {ergonomic}
   size_t MinHeapSize                              = 8388608                                   {product} {ergonomic}
    uintx NonNMethodCodeHeapSize                   = 7602176                                {pd product} {ergonomic}
    uintx NonProfiledCodeHeapSize                  = 122093568                              {pd product} {ergonomic}
    uintx ProfiledCodeHeapSize                     = 121962496                              {pd product} {ergonomic}
    uintx ReservedCodeCacheSize                    = 251658240                              {pd product} {ergonomic}
     bool SegmentedCodeCache                       = true                                      {product} {ergonomic}
     bool ShowCodeDetailsInExceptionMessages       = true                                   {manageable} {command line}
   size_t SoftMaxHeapSize                          = 3720347648                             {manageable} {ergonomic}
     bool UseCompressedOops                        = true                           {product lp64_product} {ergonomic}
     bool UseG1GC                                  = true                                      {product} {ergonomic}
     bool UseLargePagesIndividualAllocation        = false                                  {pd product} {ergonomic}

Logging:
Log output configuration:
 #0: stdout all=warning uptime,level,tags foldmultilines=false
 #1: stderr all=off uptime,level,tags foldmultilines=false

Environment Variables:
PATH=C:\Program Files\Common Files\Oracle\Java\javapath;C:\Windows\system32;C:\Windows;C:\Windows\System32\Wbem;C:\Windows\System32\WindowsPowerShell\v1.0\;C:\Windows\System32\OpenSSH\;C:\Program Files (x86)\NVIDIA Corporation\PhysX\Common;C:\Program Files\NVIDIA Corporation\NVIDIA NvDLISR;C:\WINDOWS\system32;C:\WINDOWS;C:\WINDOWS\System32\Wbem;C:\WINDOWS\System32\WindowsPowerShell\v1.0\;C:\WINDOWS\System32\OpenSSH\;C:\Program Files\Git\cmd;C:\MinGW\bin;C:\Program Files\nodejs\;C:\Program Files\Microsoft SQL Server\150\Tools\Binn\;C:\Program Files\Microsoft SQL Server\Client SDK\ODBC\170\Tools\Binn\;C:\Program Files\dotnet\;C:\Program Files (x86)\Windows Kits\10\Windows Performance Toolkit\;C:\Program Files (x86)\Microsoft SQL Server\160\Tools\Binn\;C:\Program Files\Microsoft SQL Server\160\Tools\Binn\;C:\Program Files\Microsoft SQL Server\160\DTS\Binn\;C:\Program Files (x86)\Microsoft SQL Server\160\DTS\Binn\;C:\Program Files\Cloudflare\Cloudflare WARP\;C:\xampp\php;C:\ProgramData\ComposerSetup\bin;C:\Users\PHUCDAI\AppData\Local\Microsoft\WindowsApps;C:\Users\PHUCDAI\AppData\Local\Programs\Microsoft VS Code\bin;C:\Users\PHUCDAI\AppData\Local\GitHubDesktop\bin;C:\Users\PHUCDAI\AppData\Roaming\npm;C:\mingw32\bin;C:\Users\PHUCDAI\.dotnet\tools;C:\Users\PHUCDAI\AppData\Roaming\Composer\vendor\bin
USERNAME=PHUCDAI
OS=Windows_NT
PROCESSOR_IDENTIFIER=AMD64 Family 25 Model 80 Stepping 0, AuthenticAMD
TMP=C:\Users\PHUCDAI\AppData\Local\Temp
TEMP=C:\Users\PHUCDAI\AppData\Local\Temp




Periodic native trim disabled

---------------  S Y S T E M  ---------------

OS:
 Windows 11 , 64 bit Build 22621 (10.0.22621.3958)
OS uptime: 0 days 3:32 hours

CPU: total 16 (initial active 16) (16 cores per cpu, 2 threads per core) family 25 model 80 stepping 0 microcode 0x0, cx8, cmov, fxsr, ht, mmx, 3dnowpref, sse, sse2, sse3, ssse3, sse4a, sse4.1, sse4.2, popcnt, lzcnt, tsc, tscinvbit, avx, avx2, aes, erms, clmul, bmi1, bmi2, adx, sha, fma, vzeroupper, clflush, clflushopt, rdtscp, rdpid, fsrm, f16c, pku, cet_ss
Processor Information for processor 0
  Max Mhz: 3201, Current Mhz: 1990, Mhz Limit: 3201
Processor Information for processor 1
  Max Mhz: 3201, Current Mhz: 1990, Mhz Limit: 3201
Processor Information for processor 2
  Max Mhz: 3201, Current Mhz: 1990, Mhz Limit: 3201
Processor Information for processor 3
  Max Mhz: 3201, Current Mhz: 1990, Mhz Limit: 3201
Processor Information for processor 4
  Max Mhz: 3201, Current Mhz: 1990, Mhz Limit: 3201
Processor Information for processor 5
  Max Mhz: 3201, Current Mhz: 1990, Mhz Limit: 3201
Processor Information for processor 6
  Max Mhz: 3201, Current Mhz: 1990, Mhz Limit: 3201
Processor Information for processor 7
  Max Mhz: 3201, Current Mhz: 1990, Mhz Limit: 3201
Processor Information for processor 8
  Max Mhz: 3201, Current Mhz: 1990, Mhz Limit: 3201
Processor Information for processor 9
  Max Mhz: 3201, Current Mhz: 1990, Mhz Limit: 3201
Processor Information for processor 10
  Max Mhz: 3201, Current Mhz: 3201, Mhz Limit: 3201
Processor Information for processor 11
  Max Mhz: 3201, Current Mhz: 1990, Mhz Limit: 3201
Processor Information for processor 12
  Max Mhz: 3201, Current Mhz: 1990, Mhz Limit: 3201
Processor Information for processor 13
  Max Mhz: 3201, Current Mhz: 1990, Mhz Limit: 3201
Processor Information for processor 14
  Max Mhz: 3201, Current Mhz: 1990, Mhz Limit: 3201
Processor Information for processor 15
  Max Mhz: 3201, Current Mhz: 1990, Mhz Limit: 3201

Memory: 4k page, system-wide physical 14188M (398M free)
TotalPageFile size 57196M (AvailPageFile size 0M)
current process WorkingSet (physical memory assigned to process): 31M, peak: 31M
current process commit charge ("private bytes"): 309M, peak: 311M

vm_info: Java HotSpot(TM) 64-Bit Server VM (23+37-2369) for windows-amd64 JRE (23+37-2369), built on 2024-08-20T16:01:23Z with MS VC++ 17.6 (VS2022)

END.
